2019-12-19 06:30:49 django.db.backends 111 DEBUG (0.000) SELECT @@SQL_AUTO_IS_NULL; args=None
2019-12-19 06:30:49 django.db.backends 111 DEBUG (0.000) SET SESSION TRANSACTION ISOLATION LEVEL READ COMMITTED; args=None
2019-12-19 06:30:49 django.db.backends 111 DEBUG (0.000) SELECT VERSION(); args=None
2019-12-19 06:30:49 django.db.backends 111 DEBUG (0.000) SET SESSION TRANSACTION ISOLATION LEVEL READ COMMITTED; args=None
2019-12-19 06:30:49 django.db.backends 111 DEBUG (0.001) SHOW FULL TABLES; args=None
2019-12-19 06:30:49 django.db.backends 111 DEBUG (0.001) SELECT `django_migrations`.`app`, `django_migrations`.`name` FROM `django_migrations`; args=()
2019-12-19 06:31:59 django.db.backends 111 DEBUG (0.000) SELECT @@SQL_AUTO_IS_NULL; args=None
2019-12-19 06:31:59 django.db.backends 111 DEBUG (0.000) SET SESSION TRANSACTION ISOLATION LEVEL READ COMMITTED; args=None
2019-12-19 06:31:59 django.db.backends 111 DEBUG (0.000) SELECT VERSION(); args=None
2019-12-19 06:31:59 django.db.backends 111 DEBUG (0.000) SET SESSION TRANSACTION ISOLATION LEVEL READ COMMITTED; args=None
2019-12-19 06:31:59 django.db.backends 111 DEBUG (0.000) SHOW FULL TABLES; args=None
2019-12-19 06:31:59 django.db.backends 111 DEBUG (0.000) SELECT `django_migrations`.`app`, `django_migrations`.`name` FROM `django_migrations`; args=()
2019-12-19 06:32:06 django.db.backends 111 DEBUG (0.000) SELECT @@SQL_AUTO_IS_NULL; args=None
2019-12-19 06:32:06 django.db.backends 111 DEBUG (0.000) SET SESSION TRANSACTION ISOLATION LEVEL READ COMMITTED; args=None
2019-12-19 06:32:06 django.db.backends 111 DEBUG (0.000) SELECT `auth_user`.`id`, `auth_user`.`username`, `auth_user`.`email` FROM `auth_user` LIMIT 10 OFFSET 30; args=()
2019-12-19 06:46:50 django.db.backends 111 DEBUG (0.000) SELECT @@SQL_AUTO_IS_NULL; args=None
2019-12-19 06:46:50 django.db.backends 111 DEBUG (0.000) SET SESSION TRANSACTION ISOLATION LEVEL READ COMMITTED; args=None
2019-12-19 06:46:50 django.db.backends 111 DEBUG (0.000) SELECT VERSION(); args=None
2019-12-19 06:46:50 django.db.backends 111 DEBUG (0.000) SET SESSION TRANSACTION ISOLATION LEVEL READ COMMITTED; args=None
2019-12-19 06:46:50 django.db.backends 111 DEBUG (0.001) SHOW FULL TABLES; args=None
2019-12-19 06:46:50 django.db.backends 111 DEBUG (0.001) SELECT `django_migrations`.`app`, `django_migrations`.`name` FROM `django_migrations`; args=()
2019-12-19 06:52:16 django.db.backends 111 DEBUG (0.000) SELECT @@SQL_AUTO_IS_NULL; args=None
2019-12-19 06:52:16 django.db.backends 111 DEBUG (0.000) SET SESSION TRANSACTION ISOLATION LEVEL READ COMMITTED; args=None
2019-12-19 06:52:16 django.db.backends 111 DEBUG (0.000) SELECT VERSION(); args=None
2019-12-19 06:52:17 django.db.backends 111 DEBUG (0.000) SET SESSION TRANSACTION ISOLATION LEVEL READ COMMITTED; args=None
2019-12-19 06:52:17 django.db.backends 111 DEBUG (0.001) SHOW FULL TABLES; args=None
2019-12-19 06:52:17 django.db.backends 111 DEBUG (0.001) SELECT `django_migrations`.`app`, `django_migrations`.`name` FROM `django_migrations`; args=()
2019-12-19 07:58:57 django.db.backends 111 DEBUG (0.000) SELECT @@SQL_AUTO_IS_NULL; args=None
2019-12-19 07:58:57 django.db.backends 111 DEBUG (0.000) SET SESSION TRANSACTION ISOLATION LEVEL READ COMMITTED; args=None
2019-12-19 07:58:57 django.db.backends 111 DEBUG (0.000) SELECT VERSION(); args=None
2019-12-19 07:58:58 django.db.backends 111 DEBUG (0.000) SET SESSION TRANSACTION ISOLATION LEVEL READ COMMITTED; args=None
2019-12-19 07:58:58 django.db.backends 111 DEBUG (0.001) SHOW FULL TABLES; args=None
2019-12-19 07:58:58 django.db.backends 111 DEBUG (0.001) SELECT `django_migrations`.`app`, `django_migrations`.`name` FROM `django_migrations`; args=()
2019-12-19 08:37:37 django.db.backends 111 DEBUG (0.000) SELECT @@SQL_AUTO_IS_NULL; args=None
2019-12-19 08:37:37 django.db.backends 111 DEBUG (0.000) SET SESSION TRANSACTION ISOLATION LEVEL READ COMMITTED; args=None
2019-12-19 08:37:37 django.db.backends 111 DEBUG (0.000) SELECT VERSION(); args=None
2019-12-19 08:37:37 django.db.backends 111 DEBUG (0.000) SET SESSION TRANSACTION ISOLATION LEVEL READ COMMITTED; args=None
2019-12-19 08:37:37 django.db.backends 111 DEBUG (0.001) SHOW FULL TABLES; args=None
2019-12-19 08:37:37 django.db.backends 111 DEBUG (0.001) SELECT `django_migrations`.`app`, `django_migrations`.`name` FROM `django_migrations`; args=()
2019-12-19 08:38:33 django.db.backends 111 DEBUG (0.000) SELECT @@SQL_AUTO_IS_NULL; args=None
2019-12-19 08:38:33 django.db.backends 111 DEBUG (0.000) SET SESSION TRANSACTION ISOLATION LEVEL READ COMMITTED; args=None
2019-12-19 08:38:33 django.db.backends 111 DEBUG (0.000) SELECT VERSION(); args=None
2019-12-19 08:38:33 django.db.backends 111 DEBUG (0.000) SET SESSION TRANSACTION ISOLATION LEVEL READ COMMITTED; args=None
2019-12-19 08:38:33 django.db.backends 111 DEBUG (0.000) SHOW FULL TABLES; args=None
2019-12-19 08:38:33 django.db.backends 111 DEBUG (0.000) SELECT `django_migrations`.`app`, `django_migrations`.`name` FROM `django_migrations`; args=()
2019-12-19 08:38:43 django.db.backends 111 DEBUG (0.000) SELECT @@SQL_AUTO_IS_NULL; args=None
2019-12-19 08:38:43 django.db.backends 111 DEBUG (0.000) SET SESSION TRANSACTION ISOLATION LEVEL READ COMMITTED; args=None
2019-12-19 08:38:43 django.db.backends 111 DEBUG (0.000) SELECT @@sql_mode; args=None
2019-12-19 08:38:43 django.db.backends 111 DEBUG (0.000) SELECT VERSION(); args=None
2019-12-19 08:38:43 django.db.backends 111 DEBUG (0.000) SHOW FULL TABLES; args=None
2019-12-19 08:38:43 django.db.backends 111 DEBUG (0.000) SELECT `django_migrations`.`app`, `django_migrations`.`name` FROM `django_migrations`; args=()
2019-12-19 08:38:43 django.db.backends 111 DEBUG (0.000) SHOW FULL TABLES; args=None
2019-12-19 08:38:43 django.db.backends 111 DEBUG (0.000) SELECT `django_migrations`.`app`, `django_migrations`.`name` FROM `django_migrations`; args=()
2019-12-19 08:38:43 django.db.backends 111 DEBUG (0.001) SHOW FULL TABLES; args=None
2019-12-19 08:38:43 django.db.backends.schema 124 DEBUG CREATE TABLE `dashboard_idc` (`id` integer AUTO_INCREMENT NOT NULL PRIMARY KEY, `name` varchar(32) NOT NULL, `address` varchar(200) NOT NULL, `phone` varchar(15) NOT NULL, `email` varchar(254) NOT NULL, `letter` varchar(5) NOT NULL); (params None)
2019-12-19 08:38:43 django.db.backends 111 DEBUG (0.010) CREATE TABLE `dashboard_idc` (`id` integer AUTO_INCREMENT NOT NULL PRIMARY KEY, `name` varchar(32) NOT NULL, `address` varchar(200) NOT NULL, `phone` varchar(15) NOT NULL, `email` varchar(254) NOT NULL, `letter` varchar(5) NOT NULL); args=None
2019-12-19 08:38:43 django.db.backends 111 DEBUG (0.001) SELECT engine FROM information_schema.tables WHERE table_name = 'dashboard_idc'; args=['dashboard_idc']
2019-12-19 08:38:43 django.db.backends 111 DEBUG (0.000) SELECT engine FROM information_schema.tables WHERE table_name = 'dashboard_idc'; args=['dashboard_idc']
2019-12-19 08:38:43 django.db.backends 111 DEBUG (0.000) SELECT engine FROM information_schema.tables WHERE table_name = 'dashboard_idc'; args=['dashboard_idc']
2019-12-19 08:38:43 django.db.backends 111 DEBUG (0.000) SELECT engine FROM information_schema.tables WHERE table_name = 'dashboard_idc'; args=['dashboard_idc']
2019-12-19 08:38:43 django.db.backends 111 DEBUG (0.000) SELECT engine FROM information_schema.tables WHERE table_name = 'dashboard_idc'; args=['dashboard_idc']
2019-12-19 08:38:43 django.db.backends 111 DEBUG (0.000) SELECT engine FROM information_schema.tables WHERE table_name = 'dashboard_idc'; args=['dashboard_idc']
2019-12-19 08:38:43 django.db.backends 111 DEBUG (0.000) SHOW FULL TABLES; args=None
2019-12-19 08:38:43 django.db.backends 111 DEBUG (0.000) INSERT INTO `django_migrations` (`app`, `name`, `applied`) VALUES ('dashboard', '0001_initial', '2019-12-19 08:38:43.939858'); args=['dashboard', '0001_initial', '2019-12-19 08:38:43.939858']
2019-12-19 08:38:43 django.db.backends 111 DEBUG (0.000) SHOW FULL TABLES; args=None
2019-12-19 08:38:43 django.db.backends 111 DEBUG (0.000) SELECT `django_migrations`.`app`, `django_migrations`.`name` FROM `django_migrations`; args=()
2019-12-19 08:38:43 django.db.backends 111 DEBUG (0.001) SELECT `django_content_type`.`id`, `django_content_type`.`app_label`, `django_content_type`.`model` FROM `django_content_type` WHERE (`django_content_type`.`app_label` = 'admin' AND `django_content_type`.`model` = 'logentry'); args=('admin', 'logentry')
2019-12-19 08:38:43 django.db.backends 111 DEBUG (0.002) SELECT `auth_permission`.`content_type_id`, `auth_permission`.`codename` FROM `auth_permission` INNER JOIN `django_content_type` ON (`auth_permission`.`content_type_id` = `django_content_type`.`id`) WHERE `auth_permission`.`content_type_id` IN (1) ORDER BY `django_content_type`.`app_label` ASC, `django_content_type`.`model` ASC, `auth_permission`.`codename` ASC; args=(1,)
2019-12-19 08:38:43 django.db.backends 111 DEBUG (0.000) SELECT `django_content_type`.`id`, `django_content_type`.`app_label`, `django_content_type`.`model` FROM `django_content_type` WHERE `django_content_type`.`app_label` = 'admin'; args=('admin',)
2019-12-19 08:38:43 django.db.backends 111 DEBUG (0.000) SELECT `django_content_type`.`id`, `django_content_type`.`app_label`, `django_content_type`.`model` FROM `django_content_type` WHERE (`django_content_type`.`app_label` = 'auth' AND `django_content_type`.`model` = 'permission'); args=('auth', 'permission')
2019-12-19 08:38:43 django.db.backends 111 DEBUG (0.000) SELECT `django_content_type`.`id`, `django_content_type`.`app_label`, `django_content_type`.`model` FROM `django_content_type` WHERE (`django_content_type`.`app_label` = 'auth' AND `django_content_type`.`model` = 'group'); args=('auth', 'group')
2019-12-19 08:38:43 django.db.backends 111 DEBUG (0.000) SELECT `django_content_type`.`id`, `django_content_type`.`app_label`, `django_content_type`.`model` FROM `django_content_type` WHERE (`django_content_type`.`app_label` = 'auth' AND `django_content_type`.`model` = 'user'); args=('auth', 'user')
2019-12-19 08:38:43 django.db.backends 111 DEBUG (0.001) SELECT `auth_permission`.`content_type_id`, `auth_permission`.`codename` FROM `auth_permission` INNER JOIN `django_content_type` ON (`auth_permission`.`content_type_id` = `django_content_type`.`id`) WHERE `auth_permission`.`content_type_id` IN (2, 3, 4) ORDER BY `django_content_type`.`app_label` ASC, `django_content_type`.`model` ASC, `auth_permission`.`codename` ASC; args=(2, 3, 4)
2019-12-19 08:38:43 django.db.backends 111 DEBUG (0.000) SELECT `django_content_type`.`id`, `django_content_type`.`app_label`, `django_content_type`.`model` FROM `django_content_type` WHERE `django_content_type`.`app_label` = 'auth'; args=('auth',)
2019-12-19 08:38:43 django.db.backends 111 DEBUG (0.000) SELECT `django_content_type`.`id`, `django_content_type`.`app_label`, `django_content_type`.`model` FROM `django_content_type` WHERE (`django_content_type`.`app_label` = 'contenttypes' AND `django_content_type`.`model` = 'contenttype'); args=('contenttypes', 'contenttype')
2019-12-19 08:38:43 django.db.backends 111 DEBUG (0.000) SELECT `auth_permission`.`content_type_id`, `auth_permission`.`codename` FROM `auth_permission` INNER JOIN `django_content_type` ON (`auth_permission`.`content_type_id` = `django_content_type`.`id`) WHERE `auth_permission`.`content_type_id` IN (5) ORDER BY `django_content_type`.`app_label` ASC, `django_content_type`.`model` ASC, `auth_permission`.`codename` ASC; args=(5,)
2019-12-19 08:38:43 django.db.backends 111 DEBUG (0.000) SELECT `django_content_type`.`id`, `django_content_type`.`app_label`, `django_content_type`.`model` FROM `django_content_type` WHERE `django_content_type`.`app_label` = 'contenttypes'; args=('contenttypes',)
2019-12-19 08:38:43 django.db.backends 111 DEBUG (0.000) SELECT `django_content_type`.`id`, `django_content_type`.`app_label`, `django_content_type`.`model` FROM `django_content_type` WHERE (`django_content_type`.`app_label` = 'sessions' AND `django_content_type`.`model` = 'session'); args=('sessions', 'session')
2019-12-19 08:38:43 django.db.backends 111 DEBUG (0.000) SELECT `auth_permission`.`content_type_id`, `auth_permission`.`codename` FROM `auth_permission` INNER JOIN `django_content_type` ON (`auth_permission`.`content_type_id` = `django_content_type`.`id`) WHERE `auth_permission`.`content_type_id` IN (6) ORDER BY `django_content_type`.`app_label` ASC, `django_content_type`.`model` ASC, `auth_permission`.`codename` ASC; args=(6,)
2019-12-19 08:38:43 django.db.backends 111 DEBUG (0.001) SELECT `django_content_type`.`id`, `django_content_type`.`app_label`, `django_content_type`.`model` FROM `django_content_type` WHERE `django_content_type`.`app_label` = 'sessions'; args=('sessions',)
2019-12-19 08:38:43 django.db.backends 111 DEBUG (0.001) SELECT `django_content_type`.`id`, `django_content_type`.`app_label`, `django_content_type`.`model` FROM `django_content_type` WHERE (`django_content_type`.`app_label` = 'dashboard' AND `django_content_type`.`model` = 'idc'); args=('dashboard', 'idc')
2019-12-19 08:38:43 django.db.backends 111 DEBUG (0.000) SELECT `django_content_type`.`id`, `django_content_type`.`app_label`, `django_content_type`.`model` FROM `django_content_type` WHERE (`django_content_type`.`app_label` = 'dashboard' AND `django_content_type`.`model` = 'idc'); args=('dashboard', 'idc')
2019-12-19 08:38:43 django.db.backends 111 DEBUG (0.000) INSERT INTO `django_content_type` (`app_label`, `model`) VALUES ('dashboard', 'idc'); args=['dashboard', 'idc']
2019-12-19 08:38:43 django.db.backends 111 DEBUG (0.000) SELECT `auth_permission`.`content_type_id`, `auth_permission`.`codename` FROM `auth_permission` INNER JOIN `django_content_type` ON (`auth_permission`.`content_type_id` = `django_content_type`.`id`) WHERE `auth_permission`.`content_type_id` IN (7) ORDER BY `django_content_type`.`app_label` ASC, `django_content_type`.`model` ASC, `auth_permission`.`codename` ASC; args=(7,)
2019-12-19 08:38:43 django.db.backends 111 DEBUG (0.000) INSERT INTO `auth_permission` (`name`, `content_type_id`, `codename`) VALUES ('Can add idc', 7, 'add_idc'), ('Can change idc', 7, 'change_idc'), ('Can delete idc', 7, 'delete_idc'); args=('Can add idc', 7, 'add_idc', 'Can change idc', 7, 'change_idc', 'Can delete idc', 7, 'delete_idc')
2019-12-19 08:38:43 django.db.backends 111 DEBUG (0.000) SELECT `django_content_type`.`id`, `django_content_type`.`app_label`, `django_content_type`.`model` FROM `django_content_type` WHERE `django_content_type`.`app_label` = 'dashboard'; args=('dashboard',)
2019-12-19 08:47:22 django.db.backends 111 DEBUG (0.000) SELECT @@SQL_AUTO_IS_NULL; args=None
2019-12-19 08:47:22 django.db.backends 111 DEBUG (0.000) SET SESSION TRANSACTION ISOLATION LEVEL READ COMMITTED; args=None
2019-12-19 08:47:22 django.db.backends 111 DEBUG (0.000) SELECT VERSION(); args=None
2019-12-19 08:47:22 django.db.backends 111 DEBUG (0.001) SET SESSION TRANSACTION ISOLATION LEVEL READ COMMITTED; args=None
2019-12-19 08:47:22 django.db.backends 111 DEBUG (0.000) SHOW FULL TABLES; args=None
2019-12-19 08:47:22 django.db.backends 111 DEBUG (0.000) SELECT `django_migrations`.`app`, `django_migrations`.`name` FROM `django_migrations`; args=()
2019-12-20 02:29:12 django.db.backends 111 DEBUG (0.002) SELECT @@SQL_AUTO_IS_NULL; args=None
2019-12-20 02:29:12 django.db.backends 111 DEBUG (0.000) SET SESSION TRANSACTION ISOLATION LEVEL READ COMMITTED; args=None
2019-12-20 02:29:12 django.db.backends 111 DEBUG (0.000) SELECT VERSION(); args=None
2019-12-20 02:29:12 django.db.backends 111 DEBUG (0.000) SET SESSION TRANSACTION ISOLATION LEVEL READ COMMITTED; args=None
2019-12-20 02:29:12 django.db.backends 111 DEBUG (0.005) SHOW FULL TABLES; args=None
2019-12-20 02:29:12 django.db.backends 111 DEBUG (0.063) SELECT `django_migrations`.`app`, `django_migrations`.`name` FROM `django_migrations`; args=()
2019-12-20 02:29:20 django.db.backends 111 DEBUG (0.000) SELECT @@SQL_AUTO_IS_NULL; args=None
2019-12-20 02:29:20 django.db.backends 111 DEBUG (0.000) SET SESSION TRANSACTION ISOLATION LEVEL READ COMMITTED; args=None
2019-12-20 02:29:20 django.db.backends 111 DEBUG (0.001) SELECT COUNT(*) AS `__count` FROM `auth_user`; args=()
2019-12-20 02:29:20 django.db.backends 111 DEBUG (0.003) SELECT `auth_user`.`id`, `auth_user`.`password`, `auth_user`.`last_login`, `auth_user`.`is_superuser`, `auth_user`.`username`, `auth_user`.`first_name`, `auth_user`.`last_name`, `auth_user`.`email`, `auth_user`.`is_staff`, `auth_user`.`is_active`, `auth_user`.`date_joined` FROM `auth_user` LIMIT 10 OFFSET 20; args=()
2019-12-20 02:29:25 django.db.backends 111 DEBUG (0.000) SELECT @@SQL_AUTO_IS_NULL; args=None
2019-12-20 02:29:25 django.db.backends 111 DEBUG (0.000) SET SESSION TRANSACTION ISOLATION LEVEL READ COMMITTED; args=None
2019-12-20 02:29:25 django.db.backends 111 DEBUG (0.000) SELECT COUNT(*) AS `__count` FROM `auth_user`; args=()
2019-12-20 02:29:25 django.db.backends 111 DEBUG (0.000) SELECT `auth_user`.`id`, `auth_user`.`password`, `auth_user`.`last_login`, `auth_user`.`is_superuser`, `auth_user`.`username`, `auth_user`.`first_name`, `auth_user`.`last_name`, `auth_user`.`email`, `auth_user`.`is_staff`, `auth_user`.`is_active`, `auth_user`.`date_joined` FROM `auth_user` LIMIT 10 OFFSET 10; args=()
2019-12-20 02:29:27 django.db.backends 111 DEBUG (0.000) SELECT @@SQL_AUTO_IS_NULL; args=None
2019-12-20 02:29:27 django.db.backends 111 DEBUG (0.000) SET SESSION TRANSACTION ISOLATION LEVEL READ COMMITTED; args=None
2019-12-20 02:29:27 django.db.backends 111 DEBUG (0.000) SELECT COUNT(*) AS `__count` FROM `auth_user`; args=()
2019-12-20 02:29:27 django.db.backends 111 DEBUG (0.001) SELECT `auth_user`.`id`, `auth_user`.`password`, `auth_user`.`last_login`, `auth_user`.`is_superuser`, `auth_user`.`username`, `auth_user`.`first_name`, `auth_user`.`last_name`, `auth_user`.`email`, `auth_user`.`is_staff`, `auth_user`.`is_active`, `auth_user`.`date_joined` FROM `auth_user` LIMIT 10 OFFSET 20; args=()
2019-12-20 02:29:28 django.db.backends 111 DEBUG (0.000) SELECT @@SQL_AUTO_IS_NULL; args=None
2019-12-20 02:29:28 django.db.backends 111 DEBUG (0.000) SET SESSION TRANSACTION ISOLATION LEVEL READ COMMITTED; args=None
2019-12-20 02:29:28 django.db.backends 111 DEBUG (0.000) SELECT COUNT(*) AS `__count` FROM `auth_user`; args=()
2019-12-20 02:29:28 django.db.backends 111 DEBUG (0.001) SELECT `auth_user`.`id`, `auth_user`.`password`, `auth_user`.`last_login`, `auth_user`.`is_superuser`, `auth_user`.`username`, `auth_user`.`first_name`, `auth_user`.`last_name`, `auth_user`.`email`, `auth_user`.`is_staff`, `auth_user`.`is_active`, `auth_user`.`date_joined` FROM `auth_user` LIMIT 10 OFFSET 30; args=()
2019-12-20 06:42:33 django.db.backends 111 DEBUG (0.001) SELECT @@SQL_AUTO_IS_NULL; args=None
2019-12-20 06:42:33 django.db.backends 111 DEBUG (0.000) SET SESSION TRANSACTION ISOLATION LEVEL READ COMMITTED; args=None
2019-12-20 06:42:33 django.db.backends 111 DEBUG (0.000) SELECT VERSION(); args=None
2019-12-20 06:42:34 django.db.backends 111 DEBUG (0.000) SET SESSION TRANSACTION ISOLATION LEVEL READ COMMITTED; args=None
2019-12-20 06:42:34 django.db.backends 111 DEBUG (0.001) SHOW FULL TABLES; args=None
2019-12-20 06:42:34 django.db.backends 111 DEBUG (0.001) SELECT `django_migrations`.`app`, `django_migrations`.`name` FROM `django_migrations`; args=()
2019-12-20 06:43:39 django.db.backends 111 DEBUG (0.000) SELECT @@SQL_AUTO_IS_NULL; args=None
2019-12-20 06:43:39 django.db.backends 111 DEBUG (0.000) SET SESSION TRANSACTION ISOLATION LEVEL READ COMMITTED; args=None
2019-12-20 06:43:39 django.db.backends 111 DEBUG (0.000) SELECT VERSION(); args=None
2019-12-20 06:51:20 django.db.backends 111 DEBUG (0.000) SELECT @@SQL_AUTO_IS_NULL; args=None
2019-12-20 06:51:20 django.db.backends 111 DEBUG (0.000) SET SESSION TRANSACTION ISOLATION LEVEL READ COMMITTED; args=None
2019-12-20 06:51:20 django.db.backends 111 DEBUG (0.000) SELECT VERSION(); args=None
2019-12-20 06:51:20 django.db.backends 111 DEBUG (0.000) SET SESSION TRANSACTION ISOLATION LEVEL READ COMMITTED; args=None
2019-12-20 06:51:20 django.db.backends 111 DEBUG (0.001) SHOW FULL TABLES; args=None
2019-12-20 06:51:20 django.db.backends 111 DEBUG (0.000) SELECT `django_migrations`.`app`, `django_migrations`.`name` FROM `django_migrations`; args=()
2019-12-20 06:52:53 django.db.backends 111 DEBUG (0.000) SELECT @@SQL_AUTO_IS_NULL; args=None
2019-12-20 06:52:53 django.db.backends 111 DEBUG (0.000) SET SESSION TRANSACTION ISOLATION LEVEL READ COMMITTED; args=None
2019-12-20 06:52:53 django.db.backends 111 DEBUG (0.000) SELECT VERSION(); args=None
2019-12-20 06:52:53 django.db.backends 111 DEBUG (0.000) SET SESSION TRANSACTION ISOLATION LEVEL READ COMMITTED; args=None
2019-12-20 06:52:53 django.db.backends 111 DEBUG (0.001) SHOW FULL TABLES; args=None
2019-12-20 06:52:53 django.db.backends 111 DEBUG (0.000) SELECT `django_migrations`.`app`, `django_migrations`.`name` FROM `django_migrations`; args=()
2019-12-20 06:52:55 django.db.backends 111 DEBUG (0.000) SELECT @@SQL_AUTO_IS_NULL; args=None
2019-12-20 06:52:55 django.db.backends 111 DEBUG (0.000) SET SESSION TRANSACTION ISOLATION LEVEL READ COMMITTED; args=None
2019-12-20 06:52:55 django.db.backends 111 DEBUG (0.001) SELECT COUNT(*) AS `__count` FROM `auth_user`; args=()
2019-12-20 06:52:55 django.db.backends 111 DEBUG (0.001) SELECT `auth_user`.`id`, `auth_user`.`username`, `auth_user`.`email`, `auth_user`.`is_active` FROM `auth_user` LIMIT 10; args=()
2019-12-20 06:53:18 django.db.backends 111 DEBUG (0.000) SELECT @@SQL_AUTO_IS_NULL; args=None
2019-12-20 06:53:18 django.db.backends 111 DEBUG (0.000) SET SESSION TRANSACTION ISOLATION LEVEL READ COMMITTED; args=None
2019-12-20 06:53:18 django.db.backends 111 DEBUG (0.000) SELECT COUNT(*) AS `__count` FROM `auth_user`; args=()
2019-12-20 06:53:18 django.db.backends 111 DEBUG (0.000) SELECT `auth_user`.`id`, `auth_user`.`username`, `auth_user`.`email`, `auth_user`.`is_active` FROM `auth_user` LIMIT 3; args=()
2019-12-20 06:54:25 django.db.backends 111 DEBUG (0.000) SELECT @@SQL_AUTO_IS_NULL; args=None
2019-12-20 06:54:25 django.db.backends 111 DEBUG (0.000) SET SESSION TRANSACTION ISOLATION LEVEL READ COMMITTED; args=None
2019-12-20 06:54:25 django.db.backends 111 DEBUG (0.000) SELECT COUNT(*) AS `__count` FROM `auth_user`; args=()
2019-12-20 06:54:25 django.db.backends 111 DEBUG (0.000) SELECT `auth_user`.`id`, `auth_user`.`username`, `auth_user`.`email`, `auth_user`.`is_active` FROM `auth_user` LIMIT 3 OFFSET 6; args=()
2019-12-20 06:57:48 django.db.backends 111 DEBUG (0.000) SELECT @@SQL_AUTO_IS_NULL; args=None
2019-12-20 06:57:48 django.db.backends 111 DEBUG (0.000) SET SESSION TRANSACTION ISOLATION LEVEL READ COMMITTED; args=None
2019-12-20 06:57:48 django.db.backends 111 DEBUG (0.000) SELECT VERSION(); args=None
2019-12-20 06:57:49 django.db.backends 111 DEBUG (0.000) SET SESSION TRANSACTION ISOLATION LEVEL READ COMMITTED; args=None
2019-12-20 06:57:49 django.db.backends 111 DEBUG (0.001) SHOW FULL TABLES; args=None
2019-12-20 06:57:49 django.db.backends 111 DEBUG (0.048) SELECT `django_migrations`.`app`, `django_migrations`.`name` FROM `django_migrations`; args=()
2019-12-20 06:58:26 django.db.backends 111 DEBUG (0.000) SELECT @@SQL_AUTO_IS_NULL; args=None
2019-12-20 06:58:26 django.db.backends 111 DEBUG (0.000) SET SESSION TRANSACTION ISOLATION LEVEL READ COMMITTED; args=None
2019-12-20 06:58:26 django.db.backends 111 DEBUG (0.000) SELECT COUNT(*) AS `__count` FROM `auth_user`; args=()
2019-12-20 06:58:26 django.db.backends 111 DEBUG (0.000) SELECT `auth_user`.`id`, `auth_user`.`username`, `auth_user`.`email`, `auth_user`.`is_active` FROM `auth_user` LIMIT 3 OFFSET 6; args=()
2019-12-20 06:59:49 django.db.backends 111 DEBUG (0.000) SELECT @@SQL_AUTO_IS_NULL; args=None
2019-12-20 06:59:49 django.db.backends 111 DEBUG (0.000) SET SESSION TRANSACTION ISOLATION LEVEL READ COMMITTED; args=None
2019-12-20 06:59:49 django.db.backends 111 DEBUG (0.000) SELECT VERSION(); args=None
2019-12-20 06:59:49 django.db.backends 111 DEBUG (0.000) SET SESSION TRANSACTION ISOLATION LEVEL READ COMMITTED; args=None
2019-12-20 06:59:49 django.db.backends 111 DEBUG (0.001) SHOW FULL TABLES; args=None
2019-12-20 06:59:49 django.db.backends 111 DEBUG (0.000) SELECT `django_migrations`.`app`, `django_migrations`.`name` FROM `django_migrations`; args=()
2019-12-20 07:25:09 django.db.backends 111 DEBUG (0.000) SELECT @@SQL_AUTO_IS_NULL; args=None
2019-12-20 07:25:09 django.db.backends 111 DEBUG (0.000) SET SESSION TRANSACTION ISOLATION LEVEL READ COMMITTED; args=None
2019-12-20 07:25:09 django.db.backends 111 DEBUG (0.000) SELECT VERSION(); args=None
2019-12-20 07:25:09 django.db.backends 111 DEBUG (0.000) SET SESSION TRANSACTION ISOLATION LEVEL READ COMMITTED; args=None
2019-12-20 07:25:09 django.db.backends 111 DEBUG (0.001) SHOW FULL TABLES; args=None
2019-12-20 07:25:09 django.db.backends 111 DEBUG (0.000) SELECT `django_migrations`.`app`, `django_migrations`.`name` FROM `django_migrations`; args=()
2019-12-20 07:25:27 django.db.backends 111 DEBUG (0.000) SELECT @@SQL_AUTO_IS_NULL; args=None
2019-12-20 07:25:27 django.db.backends 111 DEBUG (0.000) SET SESSION TRANSACTION ISOLATION LEVEL READ COMMITTED; args=None
2019-12-20 07:25:27 django.db.backends 111 DEBUG (0.000) SELECT VERSION(); args=None
2019-12-20 07:25:27 django.db.backends 111 DEBUG (0.000) SET SESSION TRANSACTION ISOLATION LEVEL READ COMMITTED; args=None
2019-12-20 07:25:27 django.db.backends 111 DEBUG (0.001) SHOW FULL TABLES; args=None
2019-12-20 07:25:27 django.db.backends 111 DEBUG (0.001) SELECT `django_migrations`.`app`, `django_migrations`.`name` FROM `django_migrations`; args=()
2019-12-20 07:26:55 django.db.backends 111 DEBUG (0.000) SELECT @@SQL_AUTO_IS_NULL; args=None
2019-12-20 07:26:55 django.db.backends 111 DEBUG (0.000) SET SESSION TRANSACTION ISOLATION LEVEL READ COMMITTED; args=None
2019-12-20 07:26:55 django.db.backends 111 DEBUG (0.000) SELECT VERSION(); args=None
2019-12-20 07:26:56 django.db.backends 111 DEBUG (0.000) SET SESSION TRANSACTION ISOLATION LEVEL READ COMMITTED; args=None
2019-12-20 07:26:56 django.db.backends 111 DEBUG (0.001) SHOW FULL TABLES; args=None
2019-12-20 07:26:56 django.db.backends 111 DEBUG (0.001) SELECT `django_migrations`.`app`, `django_migrations`.`name` FROM `django_migrations`; args=()
2019-12-20 07:26:58 django.db.backends 111 DEBUG (0.000) SELECT @@SQL_AUTO_IS_NULL; args=None
2019-12-20 07:26:58 django.db.backends 111 DEBUG (0.000) SET SESSION TRANSACTION ISOLATION LEVEL READ COMMITTED; args=None
2019-12-20 07:26:58 django.db.backends 111 DEBUG (0.001) SELECT `auth_user`.`id`, `auth_user`.`password`, `auth_user`.`last_login`, `auth_user`.`is_superuser`, `auth_user`.`username`, `auth_user`.`first_name`, `auth_user`.`last_name`, `auth_user`.`email`, `auth_user`.`is_staff`, `auth_user`.`is_active`, `auth_user`.`date_joined` FROM `auth_user` WHERE `auth_user`.`id` IS NULL; args=()
2019-12-20 07:26:58 django.db.backends 111 DEBUG (0.001) SELECT `auth_user`.`id`, `auth_user`.`password`, `auth_user`.`last_login`, `auth_user`.`is_superuser`, `auth_user`.`username`, `auth_user`.`first_name`, `auth_user`.`last_name`, `auth_user`.`email`, `auth_user`.`is_staff`, `auth_user`.`is_active`, `auth_user`.`date_joined` FROM `auth_user` LIMIT 21; args=()
2019-12-20 07:26:58 django.db.backends 111 DEBUG (0.003) SELECT VERSION(); args=None
2019-12-20 07:26:58 django.db.backends 111 DEBUG (0.002) SELECT `django_session`.`session_key`, `django_session`.`session_data`, `django_session`.`expire_date` FROM `django_session` WHERE (`django_session`.`expire_date` > '2019-12-20 07:26:58.955896' AND `django_session`.`session_key` = 'j410rxocu458md15yj1hj7mjgmculmt6'); args=('2019-12-20 07:26:58.955896', 'j410rxocu458md15yj1hj7mjgmculmt6')
2019-12-20 07:26:58 django.db.backends 111 DEBUG (0.000) SELECT `auth_user`.`id`, `auth_user`.`password`, `auth_user`.`last_login`, `auth_user`.`is_superuser`, `auth_user`.`username`, `auth_user`.`first_name`, `auth_user`.`last_name`, `auth_user`.`email`, `auth_user`.`is_staff`, `auth_user`.`is_active`, `auth_user`.`date_joined` FROM `auth_user` WHERE `auth_user`.`id` = 2; args=(2,)
2019-12-20 07:27:11 django.db.backends 111 DEBUG (0.000) SELECT @@SQL_AUTO_IS_NULL; args=None
2019-12-20 07:27:11 django.db.backends 111 DEBUG (0.000) SET SESSION TRANSACTION ISOLATION LEVEL READ COMMITTED; args=None
2019-12-20 07:27:11 django.db.backends 111 DEBUG (0.000) SELECT `auth_user`.`id`, `auth_user`.`password`, `auth_user`.`last_login`, `auth_user`.`is_superuser`, `auth_user`.`username`, `auth_user`.`first_name`, `auth_user`.`last_name`, `auth_user`.`email`, `auth_user`.`is_staff`, `auth_user`.`is_active`, `auth_user`.`date_joined` FROM `auth_user` WHERE `auth_user`.`id` IS NULL; args=()
2019-12-20 07:27:11 django.db.backends 111 DEBUG (0.000) SELECT `auth_user`.`id`, `auth_user`.`password`, `auth_user`.`last_login`, `auth_user`.`is_superuser`, `auth_user`.`username`, `auth_user`.`first_name`, `auth_user`.`last_name`, `auth_user`.`email`, `auth_user`.`is_staff`, `auth_user`.`is_active`, `auth_user`.`date_joined` FROM `auth_user` LIMIT 21; args=()
2019-12-20 07:27:11 django.db.backends 111 DEBUG (0.000) SELECT VERSION(); args=None
2019-12-20 07:27:11 django.db.backends 111 DEBUG (0.000) SELECT `django_session`.`session_key`, `django_session`.`session_data`, `django_session`.`expire_date` FROM `django_session` WHERE (`django_session`.`expire_date` > '2019-12-20 07:27:11.749492' AND `django_session`.`session_key` = 'j410rxocu458md15yj1hj7mjgmculmt6'); args=('2019-12-20 07:27:11.749492', 'j410rxocu458md15yj1hj7mjgmculmt6')
2019-12-20 07:27:11 django.db.backends 111 DEBUG (0.000) SELECT `auth_user`.`id`, `auth_user`.`password`, `auth_user`.`last_login`, `auth_user`.`is_superuser`, `auth_user`.`username`, `auth_user`.`first_name`, `auth_user`.`last_name`, `auth_user`.`email`, `auth_user`.`is_staff`, `auth_user`.`is_active`, `auth_user`.`date_joined` FROM `auth_user` WHERE `auth_user`.`id` = 2; args=(2,)
2019-12-20 07:27:44 django.db.backends 111 DEBUG (0.000) SELECT @@SQL_AUTO_IS_NULL; args=None
2019-12-20 07:27:44 django.db.backends 111 DEBUG (0.000) SET SESSION TRANSACTION ISOLATION LEVEL READ COMMITTED; args=None
2019-12-20 07:27:44 django.db.backends 111 DEBUG (0.000) SELECT VERSION(); args=None
2019-12-20 07:27:44 django.db.backends 111 DEBUG (0.000) SET SESSION TRANSACTION ISOLATION LEVEL READ COMMITTED; args=None
2019-12-20 07:27:44 django.db.backends 111 DEBUG (0.001) SHOW FULL TABLES; args=None
2019-12-20 07:27:44 django.db.backends 111 DEBUG (0.000) SELECT `django_migrations`.`app`, `django_migrations`.`name` FROM `django_migrations`; args=()
2019-12-20 07:28:44 django.db.backends 111 DEBUG (0.000) SELECT @@SQL_AUTO_IS_NULL; args=None
2019-12-20 07:28:44 django.db.backends 111 DEBUG (0.000) SET SESSION TRANSACTION ISOLATION LEVEL READ COMMITTED; args=None
2019-12-20 07:28:44 django.db.backends 111 DEBUG (0.000) SELECT `auth_user`.`id`, `auth_user`.`password`, `auth_user`.`last_login`, `auth_user`.`is_superuser`, `auth_user`.`username`, `auth_user`.`first_name`, `auth_user`.`last_name`, `auth_user`.`email`, `auth_user`.`is_staff`, `auth_user`.`is_active`, `auth_user`.`date_joined` FROM `auth_user` WHERE `auth_user`.`id` IS NULL; args=()
2019-12-20 07:28:44 django.db.backends 111 DEBUG (0.001) SELECT `auth_user`.`id`, `auth_user`.`password`, `auth_user`.`last_login`, `auth_user`.`is_superuser`, `auth_user`.`username`, `auth_user`.`first_name`, `auth_user`.`last_name`, `auth_user`.`email`, `auth_user`.`is_staff`, `auth_user`.`is_active`, `auth_user`.`date_joined` FROM `auth_user` LIMIT 21; args=()
2019-12-20 07:28:44 django.db.backends 111 DEBUG (0.000) SELECT VERSION(); args=None
2019-12-20 07:28:44 django.db.backends 111 DEBUG (0.000) SELECT `django_session`.`session_key`, `django_session`.`session_data`, `django_session`.`expire_date` FROM `django_session` WHERE (`django_session`.`expire_date` > '2019-12-20 07:28:44.532378' AND `django_session`.`session_key` = 'j410rxocu458md15yj1hj7mjgmculmt6'); args=('2019-12-20 07:28:44.532378', 'j410rxocu458md15yj1hj7mjgmculmt6')
2019-12-20 07:28:44 django.db.backends 111 DEBUG (0.001) SELECT `auth_user`.`id`, `auth_user`.`password`, `auth_user`.`last_login`, `auth_user`.`is_superuser`, `auth_user`.`username`, `auth_user`.`first_name`, `auth_user`.`last_name`, `auth_user`.`email`, `auth_user`.`is_staff`, `auth_user`.`is_active`, `auth_user`.`date_joined` FROM `auth_user` WHERE `auth_user`.`id` = 2; args=(2,)
2019-12-20 07:30:21 django.db.backends 111 DEBUG (0.000) SELECT @@SQL_AUTO_IS_NULL; args=None
2019-12-20 07:30:21 django.db.backends 111 DEBUG (0.000) SET SESSION TRANSACTION ISOLATION LEVEL READ COMMITTED; args=None
2019-12-20 07:30:21 django.db.backends 111 DEBUG (0.000) SELECT VERSION(); args=None
2019-12-20 07:30:22 django.db.backends 111 DEBUG (0.000) SET SESSION TRANSACTION ISOLATION LEVEL READ COMMITTED; args=None
2019-12-20 07:30:22 django.db.backends 111 DEBUG (0.001) SHOW FULL TABLES; args=None
2019-12-20 07:30:22 django.db.backends 111 DEBUG (0.001) SELECT `django_migrations`.`app`, `django_migrations`.`name` FROM `django_migrations`; args=()
2019-12-20 07:30:50 django.db.backends 111 DEBUG (0.000) SELECT @@SQL_AUTO_IS_NULL; args=None
2019-12-20 07:30:50 django.db.backends 111 DEBUG (0.000) SET SESSION TRANSACTION ISOLATION LEVEL READ COMMITTED; args=None
2019-12-20 07:30:50 django.db.backends 111 DEBUG (0.000) SELECT VERSION(); args=None
2019-12-20 07:30:50 django.db.backends 111 DEBUG (0.000) SET SESSION TRANSACTION ISOLATION LEVEL READ COMMITTED; args=None
2019-12-20 07:30:50 django.db.backends 111 DEBUG (0.001) SHOW FULL TABLES; args=None
2019-12-20 07:30:50 django.db.backends 111 DEBUG (0.000) SELECT `django_migrations`.`app`, `django_migrations`.`name` FROM `django_migrations`; args=()
2019-12-20 08:17:56 django.db.backends 111 DEBUG (0.000) SELECT @@SQL_AUTO_IS_NULL; args=None
2019-12-20 08:17:56 django.db.backends 111 DEBUG (0.000) SET SESSION TRANSACTION ISOLATION LEVEL READ COMMITTED; args=None
2019-12-20 08:17:56 django.db.backends 111 DEBUG (0.000) SELECT VERSION(); args=None
2019-12-20 08:17:56 django.db.backends 111 DEBUG (0.000) SET SESSION TRANSACTION ISOLATION LEVEL READ COMMITTED; args=None
2019-12-20 08:17:56 django.db.backends 111 DEBUG (0.000) SHOW FULL TABLES; args=None
2019-12-20 08:17:56 django.db.backends 111 DEBUG (0.000) SELECT `django_migrations`.`app`, `django_migrations`.`name` FROM `django_migrations`; args=()
2019-12-20 08:18:05 django.db.backends 111 DEBUG (0.000) SELECT @@SQL_AUTO_IS_NULL; args=None
2019-12-20 08:18:05 django.db.backends 111 DEBUG (0.000) SET SESSION TRANSACTION ISOLATION LEVEL READ COMMITTED; args=None
2019-12-20 08:18:05 django.db.backends 111 DEBUG (0.000) SELECT @@sql_mode; args=None
2019-12-20 08:18:05 django.db.backends 111 DEBUG (0.000) SELECT VERSION(); args=None
2019-12-20 08:18:05 django.db.backends 111 DEBUG (0.000) SHOW FULL TABLES; args=None
2019-12-20 08:18:05 django.db.backends 111 DEBUG (0.000) SELECT `django_migrations`.`app`, `django_migrations`.`name` FROM `django_migrations`; args=()
2019-12-20 08:18:05 django.db.backends 111 DEBUG (0.000) SHOW FULL TABLES; args=None
2019-12-20 08:18:05 django.db.backends 111 DEBUG (0.000) SELECT `django_migrations`.`app`, `django_migrations`.`name` FROM `django_migrations`; args=()
2019-12-20 08:18:05 django.db.backends 111 DEBUG (0.001) SHOW FULL TABLES; args=None
2019-12-20 08:18:05 django.db.backends.schema 124 DEBUG CREATE TABLE `dashboard_car` (`id` integer AUTO_INCREMENT NOT NULL PRIMARY KEY, `name` varchar(30) NOT NULL); (params None)
2019-12-20 08:18:05 django.db.backends 111 DEBUG (0.011) CREATE TABLE `dashboard_car` (`id` integer AUTO_INCREMENT NOT NULL PRIMARY KEY, `name` varchar(30) NOT NULL); args=None
2019-12-20 08:18:05 django.db.backends 111 DEBUG (0.000) SELECT engine FROM information_schema.tables WHERE table_name = 'dashboard_car'; args=['dashboard_car']
2019-12-20 08:18:05 django.db.backends 111 DEBUG (0.000) SELECT engine FROM information_schema.tables WHERE table_name = 'dashboard_car'; args=['dashboard_car']
2019-12-20 08:18:05 django.db.backends.schema 124 DEBUG CREATE TABLE `dashboard_manufacturer` (`id` integer AUTO_INCREMENT NOT NULL PRIMARY KEY, `name` varchar(30) NOT NULL); (params None)
2019-12-20 08:18:05 django.db.backends 111 DEBUG (0.008) CREATE TABLE `dashboard_manufacturer` (`id` integer AUTO_INCREMENT NOT NULL PRIMARY KEY, `name` varchar(30) NOT NULL); args=None
2019-12-20 08:18:05 django.db.backends 111 DEBUG (0.001) SELECT engine FROM information_schema.tables WHERE table_name = 'dashboard_manufacturer'; args=['dashboard_manufacturer']
2019-12-20 08:18:05 django.db.backends 111 DEBUG (0.000) SELECT engine FROM information_schema.tables WHERE table_name = 'dashboard_manufacturer'; args=['dashboard_manufacturer']
2019-12-20 08:18:05 django.db.backends.schema 124 DEBUG ALTER TABLE `dashboard_car` ADD COLUMN `manufacturer_id` integer NOT NULL; (params [])
2019-12-20 08:18:05 django.db.backends 111 DEBUG (0.012) ALTER TABLE `dashboard_car` ADD COLUMN `manufacturer_id` integer NOT NULL; args=[]
2019-12-20 08:18:05 django.db.backends 111 DEBUG (0.000) SELECT engine FROM information_schema.tables WHERE table_name = 'dashboard_car'; args=['dashboard_car']
2019-12-20 08:18:05 django.db.backends.schema 124 DEBUG ALTER TABLE `dashboard_car` ADD CONSTRAINT `dashboard_car_manufacturer_id_bae427fe_fk_dashboard` FOREIGN KEY (`manufacturer_id`) REFERENCES `dashboard_manufacturer` (`id`); (params ())
2019-12-20 08:18:05 django.db.backends 111 DEBUG (0.022) ALTER TABLE `dashboard_car` ADD CONSTRAINT `dashboard_car_manufacturer_id_bae427fe_fk_dashboard` FOREIGN KEY (`manufacturer_id`) REFERENCES `dashboard_manufacturer` (`id`); args=()
2019-12-20 08:18:05 django.db.backends 111 DEBUG (0.001) SHOW FULL TABLES; args=None
2019-12-20 08:18:05 django.db.backends 111 DEBUG (0.000) INSERT INTO `django_migrations` (`app`, `name`, `applied`) VALUES ('dashboard', '0002_auto_20191220_0817', '2019-12-20 08:18:05.960001'); args=['dashboard', '0002_auto_20191220_0817', '2019-12-20 08:18:05.960001']
2019-12-20 08:18:05 django.db.backends 111 DEBUG (0.000) SHOW FULL TABLES; args=None
2019-12-20 08:18:05 django.db.backends 111 DEBUG (0.000) SELECT `django_migrations`.`app`, `django_migrations`.`name` FROM `django_migrations`; args=()
2019-12-20 08:18:05 django.db.backends 111 DEBUG (0.000) SELECT `django_content_type`.`id`, `django_content_type`.`app_label`, `django_content_type`.`model` FROM `django_content_type` WHERE (`django_content_type`.`app_label` = 'admin' AND `django_content_type`.`model` = 'logentry'); args=('admin', 'logentry')
2019-12-20 08:18:05 django.db.backends 111 DEBUG (0.001) SELECT `auth_permission`.`content_type_id`, `auth_permission`.`codename` FROM `auth_permission` INNER JOIN `django_content_type` ON (`auth_permission`.`content_type_id` = `django_content_type`.`id`) WHERE `auth_permission`.`content_type_id` IN (1) ORDER BY `django_content_type`.`app_label` ASC, `django_content_type`.`model` ASC, `auth_permission`.`codename` ASC; args=(1,)
2019-12-20 08:18:05 django.db.backends 111 DEBUG (0.000) SELECT `django_content_type`.`id`, `django_content_type`.`app_label`, `django_content_type`.`model` FROM `django_content_type` WHERE `django_content_type`.`app_label` = 'admin'; args=('admin',)
2019-12-20 08:18:05 django.db.backends 111 DEBUG (0.000) SELECT `django_content_type`.`id`, `django_content_type`.`app_label`, `django_content_type`.`model` FROM `django_content_type` WHERE (`django_content_type`.`app_label` = 'auth' AND `django_content_type`.`model` = 'permission'); args=('auth', 'permission')
2019-12-20 08:18:05 django.db.backends 111 DEBUG (0.000) SELECT `django_content_type`.`id`, `django_content_type`.`app_label`, `django_content_type`.`model` FROM `django_content_type` WHERE (`django_content_type`.`app_label` = 'auth' AND `django_content_type`.`model` = 'group'); args=('auth', 'group')
2019-12-20 08:18:05 django.db.backends 111 DEBUG (0.000) SELECT `django_content_type`.`id`, `django_content_type`.`app_label`, `django_content_type`.`model` FROM `django_content_type` WHERE (`django_content_type`.`app_label` = 'auth' AND `django_content_type`.`model` = 'user'); args=('auth', 'user')
2019-12-20 08:18:05 django.db.backends 111 DEBUG (0.001) SELECT `auth_permission`.`content_type_id`, `auth_permission`.`codename` FROM `auth_permission` INNER JOIN `django_content_type` ON (`auth_permission`.`content_type_id` = `django_content_type`.`id`) WHERE `auth_permission`.`content_type_id` IN (2, 3, 4) ORDER BY `django_content_type`.`app_label` ASC, `django_content_type`.`model` ASC, `auth_permission`.`codename` ASC; args=(2, 3, 4)
2019-12-20 08:18:05 django.db.backends 111 DEBUG (0.000) SELECT `django_content_type`.`id`, `django_content_type`.`app_label`, `django_content_type`.`model` FROM `django_content_type` WHERE `django_content_type`.`app_label` = 'auth'; args=('auth',)
2019-12-20 08:18:05 django.db.backends 111 DEBUG (0.000) SELECT `django_content_type`.`id`, `django_content_type`.`app_label`, `django_content_type`.`model` FROM `django_content_type` WHERE (`django_content_type`.`app_label` = 'contenttypes' AND `django_content_type`.`model` = 'contenttype'); args=('contenttypes', 'contenttype')
2019-12-20 08:18:05 django.db.backends 111 DEBUG (0.000) SELECT `auth_permission`.`content_type_id`, `auth_permission`.`codename` FROM `auth_permission` INNER JOIN `django_content_type` ON (`auth_permission`.`content_type_id` = `django_content_type`.`id`) WHERE `auth_permission`.`content_type_id` IN (5) ORDER BY `django_content_type`.`app_label` ASC, `django_content_type`.`model` ASC, `auth_permission`.`codename` ASC; args=(5,)
2019-12-20 08:18:05 django.db.backends 111 DEBUG (0.000) SELECT `django_content_type`.`id`, `django_content_type`.`app_label`, `django_content_type`.`model` FROM `django_content_type` WHERE `django_content_type`.`app_label` = 'contenttypes'; args=('contenttypes',)
2019-12-20 08:18:05 django.db.backends 111 DEBUG (0.000) SELECT `django_content_type`.`id`, `django_content_type`.`app_label`, `django_content_type`.`model` FROM `django_content_type` WHERE (`django_content_type`.`app_label` = 'sessions' AND `django_content_type`.`model` = 'session'); args=('sessions', 'session')
2019-12-20 08:18:05 django.db.backends 111 DEBUG (0.001) SELECT `auth_permission`.`content_type_id`, `auth_permission`.`codename` FROM `auth_permission` INNER JOIN `django_content_type` ON (`auth_permission`.`content_type_id` = `django_content_type`.`id`) WHERE `auth_permission`.`content_type_id` IN (6) ORDER BY `django_content_type`.`app_label` ASC, `django_content_type`.`model` ASC, `auth_permission`.`codename` ASC; args=(6,)
2019-12-20 08:18:05 django.db.backends 111 DEBUG (0.000) SELECT `django_content_type`.`id`, `django_content_type`.`app_label`, `django_content_type`.`model` FROM `django_content_type` WHERE `django_content_type`.`app_label` = 'sessions'; args=('sessions',)
2019-12-20 08:18:05 django.db.backends 111 DEBUG (0.000) SELECT `django_content_type`.`id`, `django_content_type`.`app_label`, `django_content_type`.`model` FROM `django_content_type` WHERE (`django_content_type`.`app_label` = 'dashboard' AND `django_content_type`.`model` = 'idc'); args=('dashboard', 'idc')
2019-12-20 08:18:05 django.db.backends 111 DEBUG (0.001) SELECT `django_content_type`.`id`, `django_content_type`.`app_label`, `django_content_type`.`model` FROM `django_content_type` WHERE (`django_content_type`.`app_label` = 'dashboard' AND `django_content_type`.`model` = 'car'); args=('dashboard', 'car')
2019-12-20 08:18:05 django.db.backends 111 DEBUG (0.000) SELECT `django_content_type`.`id`, `django_content_type`.`app_label`, `django_content_type`.`model` FROM `django_content_type` WHERE (`django_content_type`.`app_label` = 'dashboard' AND `django_content_type`.`model` = 'car'); args=('dashboard', 'car')
2019-12-20 08:18:05 django.db.backends 111 DEBUG (0.000) INSERT INTO `django_content_type` (`app_label`, `model`) VALUES ('dashboard', 'car'); args=['dashboard', 'car']
2019-12-20 08:18:05 django.db.backends 111 DEBUG (0.000) SELECT `django_content_type`.`id`, `django_content_type`.`app_label`, `django_content_type`.`model` FROM `django_content_type` WHERE (`django_content_type`.`app_label` = 'dashboard' AND `django_content_type`.`model` = 'manufacturer'); args=('dashboard', 'manufacturer')
2019-12-20 08:18:05 django.db.backends 111 DEBUG (0.000) SELECT `django_content_type`.`id`, `django_content_type`.`app_label`, `django_content_type`.`model` FROM `django_content_type` WHERE (`django_content_type`.`app_label` = 'dashboard' AND `django_content_type`.`model` = 'manufacturer'); args=('dashboard', 'manufacturer')
2019-12-20 08:18:05 django.db.backends 111 DEBUG (0.002) INSERT INTO `django_content_type` (`app_label`, `model`) VALUES ('dashboard', 'manufacturer'); args=['dashboard', 'manufacturer']
2019-12-20 08:18:05 django.db.backends 111 DEBUG (0.000) SELECT `auth_permission`.`content_type_id`, `auth_permission`.`codename` FROM `auth_permission` INNER JOIN `django_content_type` ON (`auth_permission`.`content_type_id` = `django_content_type`.`id`) WHERE `auth_permission`.`content_type_id` IN (8, 9, 7) ORDER BY `django_content_type`.`app_label` ASC, `django_content_type`.`model` ASC, `auth_permission`.`codename` ASC; args=(8, 9, 7)
2019-12-20 08:18:05 django.db.backends 111 DEBUG (0.000) INSERT INTO `auth_permission` (`name`, `content_type_id`, `codename`) VALUES ('Can add car', 8, 'add_car'), ('Can change car', 8, 'change_car'), ('Can delete car', 8, 'delete_car'), ('Can add manufacturer', 9, 'add_manufacturer'), ('Can change manufacturer', 9, 'change_manufacturer'), ('Can delete manufacturer', 9, 'delete_manufacturer'); args=('Can add car', 8, 'add_car', 'Can change car', 8, 'change_car', 'Can delete car', 8, 'delete_car', 'Can add manufacturer', 9, 'add_manufacturer', 'Can change manufacturer', 9, 'change_manufacturer', 'Can delete manufacturer', 9, 'delete_manufacturer')
2019-12-20 08:18:06 django.db.backends 111 DEBUG (0.001) SELECT `django_content_type`.`id`, `django_content_type`.`app_label`, `django_content_type`.`model` FROM `django_content_type` WHERE `django_content_type`.`app_label` = 'dashboard'; args=('dashboard',)
2019-12-20 08:22:52 django.db.backends 111 DEBUG (0.000) SELECT @@SQL_AUTO_IS_NULL; args=None
2019-12-20 08:22:52 django.db.backends 111 DEBUG (0.000) SET SESSION TRANSACTION ISOLATION LEVEL READ COMMITTED; args=None
2019-12-20 08:22:52 django.db.backends 111 DEBUG (0.000) INSERT INTO `dashboard_manufacturer` (`name`) VALUES ('吉利'); args=['吉利']
2019-12-20 08:22:57 django.db.backends 111 DEBUG (0.000) INSERT INTO `dashboard_manufacturer` (`name`) VALUES ('宝马'); args=['宝马']
2019-12-20 08:23:56 django.db.backends 111 DEBUG (0.000) SELECT VERSION(); args=None
2019-12-20 08:23:56 django.db.backends 111 DEBUG (0.000) SELECT `dashboard_manufacturer`.`id`, `dashboard_manufacturer`.`name` FROM `dashboard_manufacturer` WHERE `dashboard_manufacturer`.`name` = '吉利'; args=('吉利',)
2019-12-20 08:24:34 django.db.backends 111 DEBUG (0.001) SELECT `dashboard_manufacturer`.`id`, `dashboard_manufacturer`.`name` FROM `dashboard_manufacturer` WHERE `dashboard_manufacturer`.`name` = '吉利'; args=('吉利',)
2019-12-20 08:24:49 django.db.backends 111 DEBUG (0.001) INSERT INTO `dashboard_car` (`manufacturer_id`, `name`) VALUES (1, '远景'); args=[1, '远景']
2019-12-20 08:28:08 django.db.backends 111 DEBUG (0.005) UPDATE `dashboard_car` SET `manufacturer_id` = 1, `name` = '帝豪' WHERE `dashboard_car`.`id` = 1; args=(1, '帝豪', 1)
2019-12-20 08:28:26 django.db.backends 111 DEBUG (0.000) SELECT `dashboard_car`.`id`, `dashboard_car`.`manufacturer_id`, `dashboard_car`.`name` FROM `dashboard_car` LIMIT 21; args=()
2019-12-20 08:28:57 django.db.backends 111 DEBUG (0.000) UPDATE `dashboard_car` SET `manufacturer_id` = 1, `name` = '远景' WHERE `dashboard_car`.`id` = 1; args=(1, '远景', 1)
2019-12-20 08:29:00 django.db.backends 111 DEBUG (0.000) SELECT `dashboard_car`.`id`, `dashboard_car`.`manufacturer_id`, `dashboard_car`.`name` FROM `dashboard_car` LIMIT 21; args=()
2019-12-20 08:29:38 django.db.backends 111 DEBUG (0.001) INSERT INTO `dashboard_car` (`manufacturer_id`, `name`) VALUES (1, '帝豪'); args=[1, '帝豪']
2019-12-20 08:29:44 django.db.backends 111 DEBUG (0.001) SELECT `dashboard_car`.`id`, `dashboard_car`.`manufacturer_id`, `dashboard_car`.`name` FROM `dashboard_car` LIMIT 21; args=()
2019-12-20 08:34:29 django.db.backends 111 DEBUG (0.001) SELECT `dashboard_car`.`id`, `dashboard_car`.`manufacturer_id`, `dashboard_car`.`name` FROM `dashboard_car` WHERE `dashboard_car`.`manufacturer_id` = 1 LIMIT 21; args=(1,)
2019-12-20 08:42:24 django.db.backends 111 DEBUG (0.001) SELECT `dashboard_car`.`id`, `dashboard_car`.`manufacturer_id`, `dashboard_car`.`name` FROM `dashboard_car` WHERE (`dashboard_car`.`manufacturer_id` = 1 AND `dashboard_car`.`name` LIKE BINARY '%景%') LIMIT 21; args=(1, '%景%')
2019-12-23 10:46:54 django.db.backends 111 DEBUG (0.000) SELECT @@SQL_AUTO_IS_NULL; args=None
2019-12-23 10:46:54 django.db.backends 111 DEBUG (0.000) SET SESSION TRANSACTION ISOLATION LEVEL READ COMMITTED; args=None
2019-12-23 10:46:54 django.db.backends 111 DEBUG (0.000) SELECT VERSION(); args=None
2019-12-23 10:46:54 django.db.backends 111 DEBUG (0.000) SET SESSION TRANSACTION ISOLATION LEVEL READ COMMITTED; args=None
2019-12-23 10:46:54 django.db.backends 111 DEBUG (0.001) SHOW FULL TABLES; args=None
2019-12-23 10:48:19 django.db.backends 111 DEBUG (0.000) SELECT @@SQL_AUTO_IS_NULL; args=None
2019-12-23 10:48:19 django.db.backends 111 DEBUG (0.000) SET SESSION TRANSACTION ISOLATION LEVEL READ COMMITTED; args=None
2019-12-23 10:48:19 django.db.backends 111 DEBUG (0.000) SELECT VERSION(); args=None
2019-12-23 10:48:22 django.db.backends 111 DEBUG (0.000) SET SESSION TRANSACTION ISOLATION LEVEL READ COMMITTED; args=None
2019-12-23 10:48:22 django.db.backends 111 DEBUG (0.000) SHOW FULL TABLES; args=None
2019-12-23 12:15:56 django.db.backends 111 DEBUG (0.000) SELECT @@SQL_AUTO_IS_NULL; args=None
2019-12-23 12:15:56 django.db.backends 111 DEBUG (0.000) SET SESSION TRANSACTION ISOLATION LEVEL READ COMMITTED; args=None
2019-12-23 12:15:56 django.db.backends 111 DEBUG (0.000) SELECT VERSION(); args=None
2019-12-23 12:15:58 django.db.backends 111 DEBUG (0.000) SET SESSION TRANSACTION ISOLATION LEVEL READ COMMITTED; args=None
2019-12-23 12:15:58 django.db.backends 111 DEBUG (0.000) SHOW FULL TABLES; args=None
2019-12-23 12:24:08 django.db.backends 111 DEBUG (0.000) SELECT @@SQL_AUTO_IS_NULL; args=None
2019-12-23 12:24:08 django.db.backends 111 DEBUG (0.000) SET SESSION TRANSACTION ISOLATION LEVEL READ COMMITTED; args=None
2019-12-23 12:24:08 django.db.backends 111 DEBUG (0.000) SELECT VERSION(); args=None
2019-12-23 12:24:08 django.db.backends 111 DEBUG (0.000) SET SESSION TRANSACTION ISOLATION LEVEL READ COMMITTED; args=None
2019-12-23 12:24:08 django.db.backends 111 DEBUG (0.001) SHOW FULL TABLES; args=None
2019-12-23 12:24:44 django.db.backends 111 DEBUG (0.000) SELECT @@SQL_AUTO_IS_NULL; args=None
2019-12-23 12:24:44 django.db.backends 111 DEBUG (0.000) SET SESSION TRANSACTION ISOLATION LEVEL READ COMMITTED; args=None
2019-12-23 12:24:44 django.db.backends 111 DEBUG (0.000) SELECT VERSION(); args=None
2019-12-23 12:24:46 django.db.backends 111 DEBUG (0.000) SET SESSION TRANSACTION ISOLATION LEVEL READ COMMITTED; args=None
2019-12-23 12:24:46 django.db.backends 111 DEBUG (0.000) SHOW FULL TABLES; args=None
2019-12-23 12:25:03 django.db.backends 111 DEBUG (0.001) SELECT @@SQL_AUTO_IS_NULL; args=None
2019-12-23 12:25:03 django.db.backends 111 DEBUG (0.000) SET SESSION TRANSACTION ISOLATION LEVEL READ COMMITTED; args=None
2019-12-23 12:25:03 django.db.backends 111 DEBUG (0.000) SELECT VERSION(); args=None
2019-12-23 12:25:05 django.db.backends 111 DEBUG (0.000) SET SESSION TRANSACTION ISOLATION LEVEL READ COMMITTED; args=None
2019-12-23 12:25:05 django.db.backends 111 DEBUG (0.001) SHOW FULL TABLES; args=None
2019-12-23 12:25:57 django.db.backends 111 DEBUG (0.000) SELECT @@SQL_AUTO_IS_NULL; args=None
2019-12-23 12:25:57 django.db.backends 111 DEBUG (0.000) SET SESSION TRANSACTION ISOLATION LEVEL READ COMMITTED; args=None
2019-12-23 12:25:57 django.db.backends 111 DEBUG (0.000) SELECT VERSION(); args=None
2019-12-23 12:25:57 django.db.backends 111 DEBUG (0.000) SET SESSION TRANSACTION ISOLATION LEVEL READ COMMITTED; args=None
2019-12-23 12:25:57 django.db.backends 111 DEBUG (0.000) SHOW FULL TABLES; args=None
2019-12-23 12:26:07 django.db.backends 111 DEBUG (0.000) SELECT @@SQL_AUTO_IS_NULL; args=None
2019-12-23 12:26:07 django.db.backends 111 DEBUG (0.000) SET SESSION TRANSACTION ISOLATION LEVEL READ COMMITTED; args=None
2019-12-23 12:26:07 django.db.backends 111 DEBUG (0.000) SELECT @@sql_mode; args=None
2019-12-23 12:26:08 django.db.backends 111 DEBUG (0.000) SELECT VERSION(); args=None
2019-12-23 12:26:09 django.db.backends 111 DEBUG (0.001) SHOW FULL TABLES; args=None
2019-12-23 12:26:09 django.db.backends 111 DEBUG (0.000) SHOW FULL TABLES; args=None
2019-12-23 12:26:09 django.db.backends 111 DEBUG (0.000) SHOW FULL TABLES; args=None
2019-12-23 12:26:09 django.db.backends.schema 124 DEBUG CREATE TABLE `django_migrations` (`id` integer AUTO_INCREMENT NOT NULL PRIMARY KEY, `app` varchar(255) NOT NULL, `name` varchar(255) NOT NULL, `applied` datetime(6) NOT NULL); (params None)
2019-12-23 12:26:09 django.db.backends 111 DEBUG (0.013) CREATE TABLE `django_migrations` (`id` integer AUTO_INCREMENT NOT NULL PRIMARY KEY, `app` varchar(255) NOT NULL, `name` varchar(255) NOT NULL, `applied` datetime(6) NOT NULL); args=None
2019-12-23 12:26:09 django.db.backends 111 DEBUG (0.004) SELECT engine FROM information_schema.tables WHERE table_name = 'django_migrations'; args=['django_migrations']
2019-12-23 12:26:09 django.db.backends 111 DEBUG (0.001) SELECT engine FROM information_schema.tables WHERE table_name = 'django_migrations'; args=['django_migrations']
2019-12-23 12:26:09 django.db.backends 111 DEBUG (0.000) SELECT engine FROM information_schema.tables WHERE table_name = 'django_migrations'; args=['django_migrations']
2019-12-23 12:26:09 django.db.backends 111 DEBUG (0.000) SELECT engine FROM information_schema.tables WHERE table_name = 'django_migrations'; args=['django_migrations']
2019-12-23 12:26:09 django.db.backends.schema 124 DEBUG CREATE TABLE `django_content_type` (`id` integer AUTO_INCREMENT NOT NULL PRIMARY KEY, `name` varchar(100) NOT NULL, `app_label` varchar(100) NOT NULL, `model` varchar(100) NOT NULL); (params None)
2019-12-23 12:26:09 django.db.backends 111 DEBUG (0.009) CREATE TABLE `django_content_type` (`id` integer AUTO_INCREMENT NOT NULL PRIMARY KEY, `name` varchar(100) NOT NULL, `app_label` varchar(100) NOT NULL, `model` varchar(100) NOT NULL); args=None
2019-12-23 12:26:09 django.db.backends 111 DEBUG (0.001) SELECT engine FROM information_schema.tables WHERE table_name = 'django_content_type'; args=['django_content_type']
2019-12-23 12:26:09 django.db.backends 111 DEBUG (0.000) SELECT engine FROM information_schema.tables WHERE table_name = 'django_content_type'; args=['django_content_type']
2019-12-23 12:26:09 django.db.backends 111 DEBUG (0.000) SELECT engine FROM information_schema.tables WHERE table_name = 'django_content_type'; args=['django_content_type']
2019-12-23 12:26:09 django.db.backends 111 DEBUG (0.000) SELECT engine FROM information_schema.tables WHERE table_name = 'django_content_type'; args=['django_content_type']
2019-12-23 12:26:09 django.db.backends.schema 124 DEBUG ALTER TABLE `django_content_type` ADD CONSTRAINT django_content_type_app_label_model_76bd3d3b_uniq UNIQUE (`app_label`, `model`); (params ())
2019-12-23 12:26:09 django.db.backends 111 DEBUG (0.019) ALTER TABLE `django_content_type` ADD CONSTRAINT django_content_type_app_label_model_76bd3d3b_uniq UNIQUE (`app_label`, `model`); args=()
2019-12-23 12:26:09 django.db.backends 111 DEBUG (0.000) SHOW FULL TABLES; args=None
2019-12-23 12:26:09 django.db.backends 111 DEBUG (0.001) INSERT INTO `django_migrations` (`app`, `name`, `applied`) VALUES ('contenttypes', '0001_initial', '2019-12-23 12:26:09.112642'); args=['contenttypes', '0001_initial', '2019-12-23 12:26:09.112642']
2019-12-23 12:26:09 django.db.backends.schema 124 DEBUG CREATE TABLE `auth_permission` (`id` integer AUTO_INCREMENT NOT NULL PRIMARY KEY, `name` varchar(50) NOT NULL, `content_type_id` integer NOT NULL, `codename` varchar(100) NOT NULL); (params None)
2019-12-23 12:26:09 django.db.backends 111 DEBUG (0.013) CREATE TABLE `auth_permission` (`id` integer AUTO_INCREMENT NOT NULL PRIMARY KEY, `name` varchar(50) NOT NULL, `content_type_id` integer NOT NULL, `codename` varchar(100) NOT NULL); args=None
2019-12-23 12:26:09 django.db.backends 111 DEBUG (0.001) SELECT engine FROM information_schema.tables WHERE table_name = 'auth_permission'; args=['auth_permission']
2019-12-23 12:26:09 django.db.backends 111 DEBUG (0.000) SELECT engine FROM information_schema.tables WHERE table_name = 'auth_permission'; args=['auth_permission']
2019-12-23 12:26:09 django.db.backends 111 DEBUG (0.000) SELECT engine FROM information_schema.tables WHERE table_name = 'auth_permission'; args=['auth_permission']
2019-12-23 12:26:09 django.db.backends 111 DEBUG (0.000) SELECT engine FROM information_schema.tables WHERE table_name = 'auth_permission'; args=['auth_permission']
2019-12-23 12:26:09 django.db.backends.schema 124 DEBUG CREATE TABLE `auth_group` (`id` integer AUTO_INCREMENT NOT NULL PRIMARY KEY, `name` varchar(80) NOT NULL UNIQUE); (params None)
2019-12-23 12:26:09 django.db.backends 111 DEBUG (0.008) CREATE TABLE `auth_group` (`id` integer AUTO_INCREMENT NOT NULL PRIMARY KEY, `name` varchar(80) NOT NULL UNIQUE); args=None
2019-12-23 12:26:09 django.db.backends 111 DEBUG (0.001) SELECT engine FROM information_schema.tables WHERE table_name = 'auth_group'; args=['auth_group']
2019-12-23 12:26:09 django.db.backends 111 DEBUG (0.000) SELECT engine FROM information_schema.tables WHERE table_name = 'auth_group'; args=['auth_group']
2019-12-23 12:26:09 django.db.backends.schema 124 DEBUG CREATE TABLE `auth_group_permissions` (`id` integer AUTO_INCREMENT NOT NULL PRIMARY KEY, `group_id` integer NOT NULL, `permission_id` integer NOT NULL); (params None)
2019-12-23 12:26:09 django.db.backends 111 DEBUG (0.008) CREATE TABLE `auth_group_permissions` (`id` integer AUTO_INCREMENT NOT NULL PRIMARY KEY, `group_id` integer NOT NULL, `permission_id` integer NOT NULL); args=None
2019-12-23 12:26:09 django.db.backends 111 DEBUG (0.001) SELECT engine FROM information_schema.tables WHERE table_name = 'auth_group_permissions'; args=['auth_group_permissions']
2019-12-23 12:26:09 django.db.backends 111 DEBUG (0.000) SELECT engine FROM information_schema.tables WHERE table_name = 'auth_group_permissions'; args=['auth_group_permissions']
2019-12-23 12:26:09 django.db.backends 111 DEBUG (0.000) SELECT engine FROM information_schema.tables WHERE table_name = 'auth_group_permissions'; args=['auth_group_permissions']
2019-12-23 12:26:09 django.db.backends.schema 124 DEBUG CREATE TABLE `auth_user` (`id` integer AUTO_INCREMENT NOT NULL PRIMARY KEY, `password` varchar(128) NOT NULL, `last_login` datetime(6) NOT NULL, `is_superuser` bool NOT NULL, `username` varchar(30) NOT NULL UNIQUE, `first_name` varchar(30) NOT NULL, `last_name` varchar(30) NOT NULL, `email` varchar(75) NOT NULL, `is_staff` bool NOT NULL, `is_active` bool NOT NULL, `date_joined` datetime(6) NOT NULL); (params None)
2019-12-23 12:26:09 django.db.backends 111 DEBUG (0.010) CREATE TABLE `auth_user` (`id` integer AUTO_INCREMENT NOT NULL PRIMARY KEY, `password` varchar(128) NOT NULL, `last_login` datetime(6) NOT NULL, `is_superuser` bool NOT NULL, `username` varchar(30) NOT NULL UNIQUE, `first_name` varchar(30) NOT NULL, `last_name` varchar(30) NOT NULL, `email` varchar(75) NOT NULL, `is_staff` bool NOT NULL, `is_active` bool NOT NULL, `date_joined` datetime(6) NOT NULL); args=None
2019-12-23 12:26:09 django.db.backends 111 DEBUG (0.001) SELECT engine FROM information_schema.tables WHERE table_name = 'auth_user'; args=['auth_user']
2019-12-23 12:26:09 django.db.backends 111 DEBUG (0.000) SELECT engine FROM information_schema.tables WHERE table_name = 'auth_user'; args=['auth_user']
2019-12-23 12:26:09 django.db.backends 111 DEBUG (0.000) SELECT engine FROM information_schema.tables WHERE table_name = 'auth_user'; args=['auth_user']
2019-12-23 12:26:09 django.db.backends 111 DEBUG (0.000) SELECT engine FROM information_schema.tables WHERE table_name = 'auth_user'; args=['auth_user']
2019-12-23 12:26:09 django.db.backends 111 DEBUG (0.000) SELECT engine FROM information_schema.tables WHERE table_name = 'auth_user'; args=['auth_user']
2019-12-23 12:26:09 django.db.backends 111 DEBUG (0.001) SELECT engine FROM information_schema.tables WHERE table_name = 'auth_user'; args=['auth_user']
2019-12-23 12:26:09 django.db.backends 111 DEBUG (0.001) SELECT engine FROM information_schema.tables WHERE table_name = 'auth_user'; args=['auth_user']
2019-12-23 12:26:09 django.db.backends 111 DEBUG (0.000) SELECT engine FROM information_schema.tables WHERE table_name = 'auth_user'; args=['auth_user']
2019-12-23 12:26:09 django.db.backends 111 DEBUG (0.000) SELECT engine FROM information_schema.tables WHERE table_name = 'auth_user'; args=['auth_user']
2019-12-23 12:26:09 django.db.backends 111 DEBUG (0.000) SELECT engine FROM information_schema.tables WHERE table_name = 'auth_user'; args=['auth_user']
2019-12-23 12:26:09 django.db.backends 111 DEBUG (0.000) SELECT engine FROM information_schema.tables WHERE table_name = 'auth_user'; args=['auth_user']
2019-12-23 12:26:09 django.db.backends.schema 124 DEBUG CREATE TABLE `auth_user_groups` (`id` integer AUTO_INCREMENT NOT NULL PRIMARY KEY, `user_id` integer NOT NULL, `group_id` integer NOT NULL); (params None)
2019-12-23 12:26:09 django.db.backends 111 DEBUG (0.007) CREATE TABLE `auth_user_groups` (`id` integer AUTO_INCREMENT NOT NULL PRIMARY KEY, `user_id` integer NOT NULL, `group_id` integer NOT NULL); args=None
2019-12-23 12:26:09 django.db.backends 111 DEBUG (0.001) SELECT engine FROM information_schema.tables WHERE table_name = 'auth_user_groups'; args=['auth_user_groups']
2019-12-23 12:26:09 django.db.backends 111 DEBUG (0.000) SELECT engine FROM information_schema.tables WHERE table_name = 'auth_user_groups'; args=['auth_user_groups']
2019-12-23 12:26:09 django.db.backends 111 DEBUG (0.000) SELECT engine FROM information_schema.tables WHERE table_name = 'auth_user_groups'; args=['auth_user_groups']
2019-12-23 12:26:09 django.db.backends.schema 124 DEBUG CREATE TABLE `auth_user_user_permissions` (`id` integer AUTO_INCREMENT NOT NULL PRIMARY KEY, `user_id` integer NOT NULL, `permission_id` integer NOT NULL); (params None)
2019-12-23 12:26:09 django.db.backends 111 DEBUG (0.007) CREATE TABLE `auth_user_user_permissions` (`id` integer AUTO_INCREMENT NOT NULL PRIMARY KEY, `user_id` integer NOT NULL, `permission_id` integer NOT NULL); args=None
2019-12-23 12:26:09 django.db.backends 111 DEBUG (0.001) SELECT engine FROM information_schema.tables WHERE table_name = 'auth_user_user_permissions'; args=['auth_user_user_permissions']
2019-12-23 12:26:09 django.db.backends 111 DEBUG (0.000) SELECT engine FROM information_schema.tables WHERE table_name = 'auth_user_user_permissions'; args=['auth_user_user_permissions']
2019-12-23 12:26:09 django.db.backends 111 DEBUG (0.000) SELECT engine FROM information_schema.tables WHERE table_name = 'auth_user_user_permissions'; args=['auth_user_user_permissions']
2019-12-23 12:26:09 django.db.backends.schema 124 DEBUG ALTER TABLE `auth_permission` ADD CONSTRAINT `auth_permission_content_type_id_2f476e4b_fk_django_co` FOREIGN KEY (`content_type_id`) REFERENCES `django_content_type` (`id`); (params ())
2019-12-23 12:26:09 django.db.backends 111 DEBUG (0.024) ALTER TABLE `auth_permission` ADD CONSTRAINT `auth_permission_content_type_id_2f476e4b_fk_django_co` FOREIGN KEY (`content_type_id`) REFERENCES `django_content_type` (`id`); args=()
2019-12-23 12:26:09 django.db.backends.schema 124 DEBUG ALTER TABLE `auth_permission` ADD CONSTRAINT auth_permission_content_type_id_codename_01ab375a_uniq UNIQUE (`content_type_id`, `codename`); (params ())
2019-12-23 12:26:09 django.db.backends 111 DEBUG (0.010) ALTER TABLE `auth_permission` ADD CONSTRAINT auth_permission_content_type_id_codename_01ab375a_uniq UNIQUE (`content_type_id`, `codename`); args=()
2019-12-23 12:26:09 django.db.backends.schema 124 DEBUG ALTER TABLE `auth_group_permissions` ADD CONSTRAINT `auth_group_permissions_group_id_b120cbf9_fk_auth_group_id` FOREIGN KEY (`group_id`) REFERENCES `auth_group` (`id`); (params ())
2019-12-23 12:26:09 django.db.backends 111 DEBUG (0.018) ALTER TABLE `auth_group_permissions` ADD CONSTRAINT `auth_group_permissions_group_id_b120cbf9_fk_auth_group_id` FOREIGN KEY (`group_id`) REFERENCES `auth_group` (`id`); args=()
2019-12-23 12:26:09 django.db.backends.schema 124 DEBUG ALTER TABLE `auth_group_permissions` ADD CONSTRAINT `auth_group_permissio_permission_id_84c5c92e_fk_auth_perm` FOREIGN KEY (`permission_id`) REFERENCES `auth_permission` (`id`); (params ())
2019-12-23 12:26:09 django.db.backends 111 DEBUG (0.022) ALTER TABLE `auth_group_permissions` ADD CONSTRAINT `auth_group_permissio_permission_id_84c5c92e_fk_auth_perm` FOREIGN KEY (`permission_id`) REFERENCES `auth_permission` (`id`); args=()
2019-12-23 12:26:09 django.db.backends.schema 124 DEBUG ALTER TABLE `auth_group_permissions` ADD CONSTRAINT auth_group_permissions_group_id_permission_id_0cd325b0_uniq UNIQUE (`group_id`, `permission_id`); (params ())
2019-12-23 12:26:09 django.db.backends 111 DEBUG (0.008) ALTER TABLE `auth_group_permissions` ADD CONSTRAINT auth_group_permissions_group_id_permission_id_0cd325b0_uniq UNIQUE (`group_id`, `permission_id`); args=()
2019-12-23 12:26:09 django.db.backends.schema 124 DEBUG ALTER TABLE `auth_user_groups` ADD CONSTRAINT `auth_user_groups_user_id_6a12ed8b_fk_auth_user_id` FOREIGN KEY (`user_id`) REFERENCES `auth_user` (`id`); (params ())
2019-12-23 12:26:09 django.db.backends 111 DEBUG (0.019) ALTER TABLE `auth_user_groups` ADD CONSTRAINT `auth_user_groups_user_id_6a12ed8b_fk_auth_user_id` FOREIGN KEY (`user_id`) REFERENCES `auth_user` (`id`); args=()
2019-12-23 12:26:09 django.db.backends.schema 124 DEBUG ALTER TABLE `auth_user_groups` ADD CONSTRAINT `auth_user_groups_group_id_97559544_fk_auth_group_id` FOREIGN KEY (`group_id`) REFERENCES `auth_group` (`id`); (params ())
2019-12-23 12:26:09 django.db.backends 111 DEBUG (0.028) ALTER TABLE `auth_user_groups` ADD CONSTRAINT `auth_user_groups_group_id_97559544_fk_auth_group_id` FOREIGN KEY (`group_id`) REFERENCES `auth_group` (`id`); args=()
2019-12-23 12:26:09 django.db.backends.schema 124 DEBUG ALTER TABLE `auth_user_groups` ADD CONSTRAINT auth_user_groups_user_id_group_id_94350c0c_uniq UNIQUE (`user_id`, `group_id`); (params ())
2019-12-23 12:26:09 django.db.backends 111 DEBUG (0.009) ALTER TABLE `auth_user_groups` ADD CONSTRAINT auth_user_groups_user_id_group_id_94350c0c_uniq UNIQUE (`user_id`, `group_id`); args=()
2019-12-23 12:26:09 django.db.backends.schema 124 DEBUG ALTER TABLE `auth_user_user_permissions` ADD CONSTRAINT `auth_user_user_permissions_user_id_a95ead1b_fk_auth_user_id` FOREIGN KEY (`user_id`) REFERENCES `auth_user` (`id`); (params ())
2019-12-23 12:26:09 django.db.backends 111 DEBUG (0.018) ALTER TABLE `auth_user_user_permissions` ADD CONSTRAINT `auth_user_user_permissions_user_id_a95ead1b_fk_auth_user_id` FOREIGN KEY (`user_id`) REFERENCES `auth_user` (`id`); args=()
2019-12-23 12:26:09 django.db.backends.schema 124 DEBUG ALTER TABLE `auth_user_user_permissions` ADD CONSTRAINT `auth_user_user_permi_permission_id_1fbb5f2c_fk_auth_perm` FOREIGN KEY (`permission_id`) REFERENCES `auth_permission` (`id`); (params ())
2019-12-23 12:26:09 django.db.backends 111 DEBUG (0.017) ALTER TABLE `auth_user_user_permissions` ADD CONSTRAINT `auth_user_user_permi_permission_id_1fbb5f2c_fk_auth_perm` FOREIGN KEY (`permission_id`) REFERENCES `auth_permission` (`id`); args=()
2019-12-23 12:26:09 django.db.backends.schema 124 DEBUG ALTER TABLE `auth_user_user_permissions` ADD CONSTRAINT auth_user_user_permissions_user_id_permission_id_14a6b632_uniq UNIQUE (`user_id`, `permission_id`); (params ())
2019-12-23 12:26:09 django.db.backends 111 DEBUG (0.006) ALTER TABLE `auth_user_user_permissions` ADD CONSTRAINT auth_user_user_permissions_user_id_permission_id_14a6b632_uniq UNIQUE (`user_id`, `permission_id`); args=()
2019-12-23 12:26:09 django.db.backends 111 DEBUG (0.000) SHOW FULL TABLES; args=None
2019-12-23 12:26:09 django.db.backends 111 DEBUG (0.000) INSERT INTO `django_migrations` (`app`, `name`, `applied`) VALUES ('auth', '0001_initial', '2019-12-23 12:26:09.409557'); args=['auth', '0001_initial', '2019-12-23 12:26:09.409557']
2019-12-23 12:26:09 django.db.backends.schema 124 DEBUG CREATE TABLE `django_admin_log` (`id` integer AUTO_INCREMENT NOT NULL PRIMARY KEY, `action_time` datetime(6) NOT NULL, `object_id` longtext NULL, `object_repr` varchar(200) NOT NULL, `action_flag` smallint UNSIGNED NOT NULL, `change_message` longtext NOT NULL, `content_type_id` integer NULL, `user_id` integer NOT NULL); (params None)
2019-12-23 12:26:09 django.db.backends 111 DEBUG (0.005) CREATE TABLE `django_admin_log` (`id` integer AUTO_INCREMENT NOT NULL PRIMARY KEY, `action_time` datetime(6) NOT NULL, `object_id` longtext NULL, `object_repr` varchar(200) NOT NULL, `action_flag` smallint UNSIGNED NOT NULL, `change_message` longtext NOT NULL, `content_type_id` integer NULL, `user_id` integer NOT NULL); args=None
2019-12-23 12:26:09 django.db.backends 111 DEBUG (0.001) SELECT engine FROM information_schema.tables WHERE table_name = 'django_admin_log'; args=['django_admin_log']
2019-12-23 12:26:09 django.db.backends 111 DEBUG (0.000) SELECT engine FROM information_schema.tables WHERE table_name = 'django_admin_log'; args=['django_admin_log']
2019-12-23 12:26:09 django.db.backends 111 DEBUG (0.000) SELECT engine FROM information_schema.tables WHERE table_name = 'django_admin_log'; args=['django_admin_log']
2019-12-23 12:26:09 django.db.backends 111 DEBUG (0.000) SELECT engine FROM information_schema.tables WHERE table_name = 'django_admin_log'; args=['django_admin_log']
2019-12-23 12:26:09 django.db.backends 111 DEBUG (0.000) SELECT engine FROM information_schema.tables WHERE table_name = 'django_admin_log'; args=['django_admin_log']
2019-12-23 12:26:09 django.db.backends 111 DEBUG (0.000) SELECT engine FROM information_schema.tables WHERE table_name = 'django_admin_log'; args=['django_admin_log']
2019-12-23 12:26:09 django.db.backends 111 DEBUG (0.001) SELECT engine FROM information_schema.tables WHERE table_name = 'django_admin_log'; args=['django_admin_log']
2019-12-23 12:26:09 django.db.backends 111 DEBUG (0.001) SELECT engine FROM information_schema.tables WHERE table_name = 'django_admin_log'; args=['django_admin_log']
2019-12-23 12:26:09 django.db.backends.schema 124 DEBUG ALTER TABLE `django_admin_log` ADD CONSTRAINT `django_admin_log_content_type_id_c4bce8eb_fk_django_co` FOREIGN KEY (`content_type_id`) REFERENCES `django_content_type` (`id`); (params ())
2019-12-23 12:26:09 django.db.backends 111 DEBUG (0.021) ALTER TABLE `django_admin_log` ADD CONSTRAINT `django_admin_log_content_type_id_c4bce8eb_fk_django_co` FOREIGN KEY (`content_type_id`) REFERENCES `django_content_type` (`id`); args=()
2019-12-23 12:26:09 django.db.backends.schema 124 DEBUG ALTER TABLE `django_admin_log` ADD CONSTRAINT `django_admin_log_user_id_c564eba6_fk_auth_user_id` FOREIGN KEY (`user_id`) REFERENCES `auth_user` (`id`); (params ())
2019-12-23 12:26:09 django.db.backends 111 DEBUG (0.017) ALTER TABLE `django_admin_log` ADD CONSTRAINT `django_admin_log_user_id_c564eba6_fk_auth_user_id` FOREIGN KEY (`user_id`) REFERENCES `auth_user` (`id`); args=()
2019-12-23 12:26:09 django.db.backends 111 DEBUG (0.001) SHOW FULL TABLES; args=None
2019-12-23 12:26:09 django.db.backends 111 DEBUG (0.000) INSERT INTO `django_migrations` (`app`, `name`, `applied`) VALUES ('admin', '0001_initial', '2019-12-23 12:26:09.489590'); args=['admin', '0001_initial', '2019-12-23 12:26:09.489590']
2019-12-23 12:26:09 django.db.backends 111 DEBUG (0.001) SHOW FULL TABLES; args=None
2019-12-23 12:26:09 django.db.backends 111 DEBUG (0.001) INSERT INTO `django_migrations` (`app`, `name`, `applied`) VALUES ('admin', '0002_logentry_remove_auto_add', '2019-12-23 12:26:09.499843'); args=['admin', '0002_logentry_remove_auto_add', '2019-12-23 12:26:09.499843']
2019-12-23 12:26:09 django.db.backends.schema 124 DEBUG ALTER TABLE `django_content_type` MODIFY `name` varchar(100) NULL; (params [])
2019-12-23 12:26:09 django.db.backends 111 DEBUG (0.022) ALTER TABLE `django_content_type` MODIFY `name` varchar(100) NULL; args=[]
2019-12-23 12:26:09 django.db.backends.schema 124 DEBUG ALTER TABLE `django_content_type` DROP COLUMN `name`; (params ())
2019-12-23 12:26:09 django.db.backends 111 DEBUG (0.016) ALTER TABLE `django_content_type` DROP COLUMN `name`; args=()
2019-12-23 12:26:09 django.db.backends 111 DEBUG (0.001) SHOW FULL TABLES; args=None
2019-12-23 12:26:09 django.db.backends 111 DEBUG (0.001) INSERT INTO `django_migrations` (`app`, `name`, `applied`) VALUES ('contenttypes', '0002_remove_content_type_name', '2019-12-23 12:26:09.569167'); args=['contenttypes', '0002_remove_content_type_name', '2019-12-23 12:26:09.569167']
2019-12-23 12:26:09 django.db.backends.schema 124 DEBUG ALTER TABLE `auth_permission` MODIFY `name` varchar(255) NOT NULL; (params [])
2019-12-23 12:26:09 django.db.backends 111 DEBUG (0.023) ALTER TABLE `auth_permission` MODIFY `name` varchar(255) NOT NULL; args=[]
2019-12-23 12:26:09 django.db.backends 111 DEBUG (0.000) SHOW FULL TABLES; args=None
2019-12-23 12:26:09 django.db.backends 111 DEBUG (0.000) INSERT INTO `django_migrations` (`app`, `name`, `applied`) VALUES ('auth', '0002_alter_permission_name_max_length', '2019-12-23 12:26:09.601793'); args=['auth', '0002_alter_permission_name_max_length', '2019-12-23 12:26:09.601793']
2019-12-23 12:26:09 django.db.backends.schema 124 DEBUG ALTER TABLE `auth_user` MODIFY `email` varchar(254) NOT NULL; (params [])
2019-12-23 12:26:09 django.db.backends 111 DEBUG (0.003) ALTER TABLE `auth_user` MODIFY `email` varchar(254) NOT NULL; args=[]
2019-12-23 12:26:09 django.db.backends 111 DEBUG (0.001) SHOW FULL TABLES; args=None
2019-12-23 12:26:09 django.db.backends 111 DEBUG (0.000) INSERT INTO `django_migrations` (`app`, `name`, `applied`) VALUES ('auth', '0003_alter_user_email_max_length', '2019-12-23 12:26:09.622799'); args=['auth', '0003_alter_user_email_max_length', '2019-12-23 12:26:09.622799']
2019-12-23 12:26:09 django.db.backends 111 DEBUG (0.002) SHOW FULL TABLES; args=None
2019-12-23 12:26:09 django.db.backends 111 DEBUG (0.000) INSERT INTO `django_migrations` (`app`, `name`, `applied`) VALUES ('auth', '0004_alter_user_username_opts', '2019-12-23 12:26:09.639406'); args=['auth', '0004_alter_user_username_opts', '2019-12-23 12:26:09.639406']
2019-12-23 12:26:09 django.db.backends.schema 124 DEBUG ALTER TABLE `auth_user` MODIFY `last_login` datetime(6) NULL; (params [])
2019-12-23 12:26:09 django.db.backends 111 DEBUG (0.017) ALTER TABLE `auth_user` MODIFY `last_login` datetime(6) NULL; args=[]
2019-12-23 12:26:09 django.db.backends 111 DEBUG (0.000) SHOW FULL TABLES; args=None
2019-12-23 12:26:09 django.db.backends 111 DEBUG (0.000) INSERT INTO `django_migrations` (`app`, `name`, `applied`) VALUES ('auth', '0005_alter_user_last_login_null', '2019-12-23 12:26:09.670162'); args=['auth', '0005_alter_user_last_login_null', '2019-12-23 12:26:09.670162']
2019-12-23 12:26:09 django.db.backends 111 DEBUG (0.001) SHOW FULL TABLES; args=None
2019-12-23 12:26:09 django.db.backends 111 DEBUG (0.001) INSERT INTO `django_migrations` (`app`, `name`, `applied`) VALUES ('auth', '0006_require_contenttypes_0002', '2019-12-23 12:26:09.673801'); args=['auth', '0006_require_contenttypes_0002', '2019-12-23 12:26:09.673801']
2019-12-23 12:26:09 django.db.backends 111 DEBUG (0.001) SHOW FULL TABLES; args=None
2019-12-23 12:26:09 django.db.backends 111 DEBUG (0.000) INSERT INTO `django_migrations` (`app`, `name`, `applied`) VALUES ('auth', '0007_alter_validators_add_error_messages', '2019-12-23 12:26:09.689548'); args=['auth', '0007_alter_validators_add_error_messages', '2019-12-23 12:26:09.689548']
2019-12-23 12:26:09 django.db.backends.schema 124 DEBUG ALTER TABLE `auth_user` MODIFY `username` varchar(150) NOT NULL; (params [])
2019-12-23 12:26:09 django.db.backends 111 DEBUG (0.017) ALTER TABLE `auth_user` MODIFY `username` varchar(150) NOT NULL; args=[]
2019-12-23 12:26:09 django.db.backends 111 DEBUG (0.000) SHOW FULL TABLES; args=None
2019-12-23 12:26:09 django.db.backends 111 DEBUG (0.000) INSERT INTO `django_migrations` (`app`, `name`, `applied`) VALUES ('auth', '0008_alter_user_username_max_length', '2019-12-23 12:26:09.717807'); args=['auth', '0008_alter_user_username_max_length', '2019-12-23 12:26:09.717807']
2019-12-23 12:26:09 django.db.backends.schema 124 DEBUG ALTER TABLE `auth_user` MODIFY `last_name` varchar(150) NOT NULL; (params [])
2019-12-23 12:26:09 django.db.backends 111 DEBUG (0.024) ALTER TABLE `auth_user` MODIFY `last_name` varchar(150) NOT NULL; args=[]
2019-12-23 12:26:09 django.db.backends 111 DEBUG (0.000) SHOW FULL TABLES; args=None
2019-12-23 12:26:09 django.db.backends 111 DEBUG (0.000) INSERT INTO `django_migrations` (`app`, `name`, `applied`) VALUES ('auth', '0009_alter_user_last_name_max_length', '2019-12-23 12:26:09.750952'); args=['auth', '0009_alter_user_last_name_max_length', '2019-12-23 12:26:09.750952']
2019-12-23 12:26:09 django.db.backends.schema 124 DEBUG CREATE TABLE `resource_idc` (`id` integer AUTO_INCREMENT NOT NULL PRIMARY KEY, `name` varchar(32) NOT NULL, `address` varchar(200) NOT NULL, `phone` varchar(15) NOT NULL, `email` varchar(254) NOT NULL, `letter` varchar(5) NOT NULL); (params None)
2019-12-23 12:26:09 django.db.backends 111 DEBUG (0.007) CREATE TABLE `resource_idc` (`id` integer AUTO_INCREMENT NOT NULL PRIMARY KEY, `name` varchar(32) NOT NULL, `address` varchar(200) NOT NULL, `phone` varchar(15) NOT NULL, `email` varchar(254) NOT NULL, `letter` varchar(5) NOT NULL); args=None
2019-12-23 12:26:09 django.db.backends 111 DEBUG (0.001) SELECT engine FROM information_schema.tables WHERE table_name = 'resource_idc'; args=['resource_idc']
2019-12-23 12:26:09 django.db.backends 111 DEBUG (0.000) SELECT engine FROM information_schema.tables WHERE table_name = 'resource_idc'; args=['resource_idc']
2019-12-23 12:26:09 django.db.backends 111 DEBUG (0.001) SELECT engine FROM information_schema.tables WHERE table_name = 'resource_idc'; args=['resource_idc']
2019-12-23 12:26:09 django.db.backends 111 DEBUG (0.001) SELECT engine FROM information_schema.tables WHERE table_name = 'resource_idc'; args=['resource_idc']
2019-12-23 12:26:09 django.db.backends 111 DEBUG (0.000) SELECT engine FROM information_schema.tables WHERE table_name = 'resource_idc'; args=['resource_idc']
2019-12-23 12:26:09 django.db.backends 111 DEBUG (0.000) SELECT engine FROM information_schema.tables WHERE table_name = 'resource_idc'; args=['resource_idc']
2019-12-23 12:26:09 django.db.backends 111 DEBUG (0.000) SHOW FULL TABLES; args=None
2019-12-23 12:26:09 django.db.backends 111 DEBUG (0.000) INSERT INTO `django_migrations` (`app`, `name`, `applied`) VALUES ('idcs', '0001_initial', '2019-12-23 12:26:09.767281'); args=['idcs', '0001_initial', '2019-12-23 12:26:09.767281']
2019-12-23 12:26:09 django.db.backends.schema 124 DEBUG CREATE TABLE `django_session` (`session_key` varchar(40) NOT NULL PRIMARY KEY, `session_data` longtext NOT NULL, `expire_date` datetime(6) NOT NULL); (params None)
2019-12-23 12:26:09 django.db.backends 111 DEBUG (0.008) CREATE TABLE `django_session` (`session_key` varchar(40) NOT NULL PRIMARY KEY, `session_data` longtext NOT NULL, `expire_date` datetime(6) NOT NULL); args=None
2019-12-23 12:26:09 django.db.backends 111 DEBUG (0.001) SELECT engine FROM information_schema.tables WHERE table_name = 'django_session'; args=['django_session']
2019-12-23 12:26:09 django.db.backends 111 DEBUG (0.001) SELECT engine FROM information_schema.tables WHERE table_name = 'django_session'; args=['django_session']
2019-12-23 12:26:09 django.db.backends 111 DEBUG (0.001) SELECT engine FROM information_schema.tables WHERE table_name = 'django_session'; args=['django_session']
2019-12-23 12:26:09 django.db.backends.schema 124 DEBUG CREATE INDEX `django_session_expire_date_a5c62663` ON `django_session` (`expire_date`); (params ())
2019-12-23 12:26:09 django.db.backends 111 DEBUG (0.007) CREATE INDEX `django_session_expire_date_a5c62663` ON `django_session` (`expire_date`); args=()
2019-12-23 12:26:09 django.db.backends 111 DEBUG (0.001) SHOW FULL TABLES; args=None
2019-12-23 12:26:09 django.db.backends 111 DEBUG (0.000) INSERT INTO `django_migrations` (`app`, `name`, `applied`) VALUES ('sessions', '0001_initial', '2019-12-23 12:26:09.791137'); args=['sessions', '0001_initial', '2019-12-23 12:26:09.791137']
2019-12-23 12:26:09 django.db.backends 111 DEBUG (0.001) SHOW FULL TABLES; args=None
2019-12-23 12:26:09 django.db.backends 111 DEBUG (0.000) SELECT `django_migrations`.`app`, `django_migrations`.`name` FROM `django_migrations`; args=()
2019-12-23 12:26:09 django.db.backends 111 DEBUG (0.000) SELECT `django_content_type`.`id`, `django_content_type`.`app_label`, `django_content_type`.`model` FROM `django_content_type` WHERE (`django_content_type`.`app_label` = 'admin' AND `django_content_type`.`model` = 'logentry'); args=('admin', 'logentry')
2019-12-23 12:26:09 django.db.backends 111 DEBUG (0.001) SELECT `django_content_type`.`id`, `django_content_type`.`app_label`, `django_content_type`.`model` FROM `django_content_type` WHERE (`django_content_type`.`app_label` = 'admin' AND `django_content_type`.`model` = 'logentry'); args=('admin', 'logentry')
2019-12-23 12:26:09 django.db.backends 111 DEBUG (0.000) INSERT INTO `django_content_type` (`app_label`, `model`) VALUES ('admin', 'logentry'); args=['admin', 'logentry']
2019-12-23 12:26:09 django.db.backends 111 DEBUG (0.001) SELECT `auth_permission`.`content_type_id`, `auth_permission`.`codename` FROM `auth_permission` INNER JOIN `django_content_type` ON (`auth_permission`.`content_type_id` = `django_content_type`.`id`) WHERE `auth_permission`.`content_type_id` IN (1) ORDER BY `django_content_type`.`app_label` ASC, `django_content_type`.`model` ASC, `auth_permission`.`codename` ASC; args=(1,)
2019-12-23 12:26:09 django.db.backends 111 DEBUG (0.002) INSERT INTO `auth_permission` (`name`, `content_type_id`, `codename`) VALUES ('Can add log entry', 1, 'add_logentry'), ('Can change log entry', 1, 'change_logentry'), ('Can delete log entry', 1, 'delete_logentry'); args=('Can add log entry', 1, 'add_logentry', 'Can change log entry', 1, 'change_logentry', 'Can delete log entry', 1, 'delete_logentry')
2019-12-23 12:26:09 django.db.backends 111 DEBUG (0.000) SELECT `django_content_type`.`id`, `django_content_type`.`app_label`, `django_content_type`.`model` FROM `django_content_type` WHERE `django_content_type`.`app_label` = 'admin'; args=('admin',)
2019-12-23 12:26:09 django.db.backends 111 DEBUG (0.000) SELECT `django_content_type`.`id`, `django_content_type`.`app_label`, `django_content_type`.`model` FROM `django_content_type` WHERE (`django_content_type`.`app_label` = 'auth' AND `django_content_type`.`model` = 'permission'); args=('auth', 'permission')
2019-12-23 12:26:09 django.db.backends 111 DEBUG (0.000) SELECT `django_content_type`.`id`, `django_content_type`.`app_label`, `django_content_type`.`model` FROM `django_content_type` WHERE (`django_content_type`.`app_label` = 'auth' AND `django_content_type`.`model` = 'permission'); args=('auth', 'permission')
2019-12-23 12:26:09 django.db.backends 111 DEBUG (0.000) INSERT INTO `django_content_type` (`app_label`, `model`) VALUES ('auth', 'permission'); args=['auth', 'permission']
2019-12-23 12:26:09 django.db.backends 111 DEBUG (0.001) SELECT `django_content_type`.`id`, `django_content_type`.`app_label`, `django_content_type`.`model` FROM `django_content_type` WHERE (`django_content_type`.`app_label` = 'auth' AND `django_content_type`.`model` = 'group'); args=('auth', 'group')
2019-12-23 12:26:09 django.db.backends 111 DEBUG (0.000) SELECT `django_content_type`.`id`, `django_content_type`.`app_label`, `django_content_type`.`model` FROM `django_content_type` WHERE (`django_content_type`.`app_label` = 'auth' AND `django_content_type`.`model` = 'group'); args=('auth', 'group')
2019-12-23 12:26:09 django.db.backends 111 DEBUG (0.000) INSERT INTO `django_content_type` (`app_label`, `model`) VALUES ('auth', 'group'); args=['auth', 'group']
2019-12-23 12:26:09 django.db.backends 111 DEBUG (0.001) SELECT `django_content_type`.`id`, `django_content_type`.`app_label`, `django_content_type`.`model` FROM `django_content_type` WHERE (`django_content_type`.`app_label` = 'auth' AND `django_content_type`.`model` = 'user'); args=('auth', 'user')
2019-12-23 12:26:09 django.db.backends 111 DEBUG (0.001) SELECT `django_content_type`.`id`, `django_content_type`.`app_label`, `django_content_type`.`model` FROM `django_content_type` WHERE (`django_content_type`.`app_label` = 'auth' AND `django_content_type`.`model` = 'user'); args=('auth', 'user')
2019-12-23 12:26:09 django.db.backends 111 DEBUG (0.000) INSERT INTO `django_content_type` (`app_label`, `model`) VALUES ('auth', 'user'); args=['auth', 'user']
2019-12-23 12:26:09 django.db.backends 111 DEBUG (0.001) SELECT `auth_permission`.`content_type_id`, `auth_permission`.`codename` FROM `auth_permission` INNER JOIN `django_content_type` ON (`auth_permission`.`content_type_id` = `django_content_type`.`id`) WHERE `auth_permission`.`content_type_id` IN (2, 3, 4) ORDER BY `django_content_type`.`app_label` ASC, `django_content_type`.`model` ASC, `auth_permission`.`codename` ASC; args=(2, 3, 4)
2019-12-23 12:26:09 django.db.backends 111 DEBUG (0.000) INSERT INTO `auth_permission` (`name`, `content_type_id`, `codename`) VALUES ('Can add permission', 2, 'add_permission'), ('Can change permission', 2, 'change_permission'), ('Can delete permission', 2, 'delete_permission'), ('Can add group', 3, 'add_group'), ('Can change group', 3, 'change_group'), ('Can delete group', 3, 'delete_group'), ('Can add user', 4, 'add_user'), ('Can change user', 4, 'change_user'), ('Can delete user', 4, 'delete_user'); args=('Can add permission', 2, 'add_permission', 'Can change permission', 2, 'change_permission', 'Can delete permission', 2, 'delete_permission', 'Can add group', 3, 'add_group', 'Can change group', 3, 'change_group', 'Can delete group', 3, 'delete_group', 'Can add user', 4, 'add_user', 'Can change user', 4, 'change_user', 'Can delete user', 4, 'delete_user')
2019-12-23 12:26:09 django.db.backends 111 DEBUG (0.000) SELECT `django_content_type`.`id`, `django_content_type`.`app_label`, `django_content_type`.`model` FROM `django_content_type` WHERE `django_content_type`.`app_label` = 'auth'; args=('auth',)
2019-12-23 12:26:09 django.db.backends 111 DEBUG (0.000) SELECT `django_content_type`.`id`, `django_content_type`.`app_label`, `django_content_type`.`model` FROM `django_content_type` WHERE (`django_content_type`.`app_label` = 'contenttypes' AND `django_content_type`.`model` = 'contenttype'); args=('contenttypes', 'contenttype')
2019-12-23 12:26:09 django.db.backends 111 DEBUG (0.000) SELECT `django_content_type`.`id`, `django_content_type`.`app_label`, `django_content_type`.`model` FROM `django_content_type` WHERE (`django_content_type`.`app_label` = 'contenttypes' AND `django_content_type`.`model` = 'contenttype'); args=('contenttypes', 'contenttype')
2019-12-23 12:26:09 django.db.backends 111 DEBUG (0.000) INSERT INTO `django_content_type` (`app_label`, `model`) VALUES ('contenttypes', 'contenttype'); args=['contenttypes', 'contenttype']
2019-12-23 12:26:09 django.db.backends 111 DEBUG (0.000) SELECT `auth_permission`.`content_type_id`, `auth_permission`.`codename` FROM `auth_permission` INNER JOIN `django_content_type` ON (`auth_permission`.`content_type_id` = `django_content_type`.`id`) WHERE `auth_permission`.`content_type_id` IN (5) ORDER BY `django_content_type`.`app_label` ASC, `django_content_type`.`model` ASC, `auth_permission`.`codename` ASC; args=(5,)
2019-12-23 12:26:09 django.db.backends 111 DEBUG (0.000) INSERT INTO `auth_permission` (`name`, `content_type_id`, `codename`) VALUES ('Can add content type', 5, 'add_contenttype'), ('Can change content type', 5, 'change_contenttype'), ('Can delete content type', 5, 'delete_contenttype'); args=('Can add content type', 5, 'add_contenttype', 'Can change content type', 5, 'change_contenttype', 'Can delete content type', 5, 'delete_contenttype')
2019-12-23 12:26:09 django.db.backends 111 DEBUG (0.000) SELECT `django_content_type`.`id`, `django_content_type`.`app_label`, `django_content_type`.`model` FROM `django_content_type` WHERE `django_content_type`.`app_label` = 'contenttypes'; args=('contenttypes',)
2019-12-23 12:26:09 django.db.backends 111 DEBUG (0.000) SELECT `django_content_type`.`id`, `django_content_type`.`app_label`, `django_content_type`.`model` FROM `django_content_type` WHERE (`django_content_type`.`app_label` = 'sessions' AND `django_content_type`.`model` = 'session'); args=('sessions', 'session')
2019-12-23 12:26:09 django.db.backends 111 DEBUG (0.000) SELECT `django_content_type`.`id`, `django_content_type`.`app_label`, `django_content_type`.`model` FROM `django_content_type` WHERE (`django_content_type`.`app_label` = 'sessions' AND `django_content_type`.`model` = 'session'); args=('sessions', 'session')
2019-12-23 12:26:09 django.db.backends 111 DEBUG (0.000) INSERT INTO `django_content_type` (`app_label`, `model`) VALUES ('sessions', 'session'); args=['sessions', 'session']
2019-12-23 12:26:09 django.db.backends 111 DEBUG (0.001) SELECT `auth_permission`.`content_type_id`, `auth_permission`.`codename` FROM `auth_permission` INNER JOIN `django_content_type` ON (`auth_permission`.`content_type_id` = `django_content_type`.`id`) WHERE `auth_permission`.`content_type_id` IN (6) ORDER BY `django_content_type`.`app_label` ASC, `django_content_type`.`model` ASC, `auth_permission`.`codename` ASC; args=(6,)
2019-12-23 12:26:09 django.db.backends 111 DEBUG (0.000) INSERT INTO `auth_permission` (`name`, `content_type_id`, `codename`) VALUES ('Can add session', 6, 'add_session'), ('Can change session', 6, 'change_session'), ('Can delete session', 6, 'delete_session'); args=('Can add session', 6, 'add_session', 'Can change session', 6, 'change_session', 'Can delete session', 6, 'delete_session')
2019-12-23 12:26:09 django.db.backends 111 DEBUG (0.000) SELECT `django_content_type`.`id`, `django_content_type`.`app_label`, `django_content_type`.`model` FROM `django_content_type` WHERE `django_content_type`.`app_label` = 'sessions'; args=('sessions',)
2019-12-23 12:26:09 django.db.backends 111 DEBUG (0.000) SELECT `django_content_type`.`id`, `django_content_type`.`app_label`, `django_content_type`.`model` FROM `django_content_type` WHERE (`django_content_type`.`app_label` = 'idcs' AND `django_content_type`.`model` = 'idc'); args=('idcs', 'idc')
2019-12-23 12:26:09 django.db.backends 111 DEBUG (0.000) SELECT `django_content_type`.`id`, `django_content_type`.`app_label`, `django_content_type`.`model` FROM `django_content_type` WHERE (`django_content_type`.`app_label` = 'idcs' AND `django_content_type`.`model` = 'idc'); args=('idcs', 'idc')
2019-12-23 12:26:09 django.db.backends 111 DEBUG (0.000) INSERT INTO `django_content_type` (`app_label`, `model`) VALUES ('idcs', 'idc'); args=['idcs', 'idc']
2019-12-23 12:26:09 django.db.backends 111 DEBUG (0.000) SELECT `auth_permission`.`content_type_id`, `auth_permission`.`codename` FROM `auth_permission` INNER JOIN `django_content_type` ON (`auth_permission`.`content_type_id` = `django_content_type`.`id`) WHERE `auth_permission`.`content_type_id` IN (7) ORDER BY `django_content_type`.`app_label` ASC, `django_content_type`.`model` ASC, `auth_permission`.`codename` ASC; args=(7,)
2019-12-23 12:26:09 django.db.backends 111 DEBUG (0.000) INSERT INTO `auth_permission` (`name`, `content_type_id`, `codename`) VALUES ('Can add idc', 7, 'add_idc'), ('Can change idc', 7, 'change_idc'), ('Can delete idc', 7, 'delete_idc'); args=('Can add idc', 7, 'add_idc', 'Can change idc', 7, 'change_idc', 'Can delete idc', 7, 'delete_idc')
2019-12-23 12:26:09 django.db.backends 111 DEBUG (0.000) SELECT `django_content_type`.`id`, `django_content_type`.`app_label`, `django_content_type`.`model` FROM `django_content_type` WHERE `django_content_type`.`app_label` = 'idcs'; args=('idcs',)
2019-12-23 12:34:01 django.db.backends 111 DEBUG (0.000) SELECT @@SQL_AUTO_IS_NULL; args=None
2019-12-23 12:34:01 django.db.backends 111 DEBUG (0.000) SET SESSION TRANSACTION ISOLATION LEVEL READ COMMITTED; args=None
2019-12-23 12:34:01 django.db.backends 111 DEBUG (0.001) INSERT INTO `resource_idc` (`name`, `address`, `phone`, `email`, `letter`) VALUES ('亦庄', '北京亦庄', '123456', 'yz@qq.com', 'yz'); args=['亦庄', '北京亦庄', '123456', 'yz@qq.com', 'yz']
2019-12-23 12:35:11 django.db.backends 111 DEBUG (0.000) INSERT INTO `resource_idc` (`name`, `address`, `phone`, `email`, `letter`) VALUES ('酒仙桥', '北京酒仙桥', '123456', 'jxq@qq.com', 'jxq'); args=['酒仙桥', '北京酒仙桥', '123456', 'jxq@qq.com', 'jxq']
2019-12-23 12:35:35 django.db.backends 111 DEBUG (0.001) SELECT `resource_idc`.`id`, `resource_idc`.`name`, `resource_idc`.`address`, `resource_idc`.`phone`, `resource_idc`.`email`, `resource_idc`.`letter` FROM `resource_idc` LIMIT 21; args=()
2019-12-23 13:07:06 django.db.backends 111 DEBUG (0.000) SELECT VERSION(); args=None
2019-12-23 13:07:06 django.db.backends 111 DEBUG (0.000) SELECT `resource_idc`.`id`, `resource_idc`.`name`, `resource_idc`.`address`, `resource_idc`.`phone`, `resource_idc`.`email`, `resource_idc`.`letter` FROM `resource_idc` WHERE `resource_idc`.`id` = 1; args=(1,)
2019-12-23 13:08:19 django.db.backends 111 DEBUG (0.000) SELECT `resource_idc`.`id`, `resource_idc`.`name`, `resource_idc`.`address`, `resource_idc`.`phone`, `resource_idc`.`email`, `resource_idc`.`letter` FROM `resource_idc` LIMIT 21; args=()
2019-12-23 13:08:20 django.db.backends 111 DEBUG (0.001) SELECT `resource_idc`.`id`, `resource_idc`.`name`, `resource_idc`.`address`, `resource_idc`.`phone`, `resource_idc`.`email`, `resource_idc`.`letter` FROM `resource_idc` LIMIT 21; args=()
2019-12-23 13:08:20 django.db.backends 111 DEBUG (0.000) SELECT `resource_idc`.`id`, `resource_idc`.`name`, `resource_idc`.`address`, `resource_idc`.`phone`, `resource_idc`.`email`, `resource_idc`.`letter` FROM `resource_idc` LIMIT 21; args=()
2019-12-23 13:08:20 django.db.backends 111 DEBUG (0.000) SELECT `resource_idc`.`id`, `resource_idc`.`name`, `resource_idc`.`address`, `resource_idc`.`phone`, `resource_idc`.`email`, `resource_idc`.`letter` FROM `resource_idc` LIMIT 21; args=()
2019-12-23 13:08:20 django.db.backends 111 DEBUG (0.001) SELECT `resource_idc`.`id`, `resource_idc`.`name`, `resource_idc`.`address`, `resource_idc`.`phone`, `resource_idc`.`email`, `resource_idc`.`letter` FROM `resource_idc` LIMIT 21; args=()
2019-12-23 13:08:20 django.db.backends 111 DEBUG (0.000) SELECT `resource_idc`.`id`, `resource_idc`.`name`, `resource_idc`.`address`, `resource_idc`.`phone`, `resource_idc`.`email`, `resource_idc`.`letter` FROM `resource_idc` LIMIT 21; args=()
2019-12-23 13:08:20 django.db.backends 111 DEBUG (0.000) SELECT `resource_idc`.`id`, `resource_idc`.`name`, `resource_idc`.`address`, `resource_idc`.`phone`, `resource_idc`.`email`, `resource_idc`.`letter` FROM `resource_idc` LIMIT 21; args=()
2019-12-23 13:08:20 django.db.backends 111 DEBUG (0.000) SELECT `resource_idc`.`id`, `resource_idc`.`name`, `resource_idc`.`address`, `resource_idc`.`phone`, `resource_idc`.`email`, `resource_idc`.`letter` FROM `resource_idc` LIMIT 21; args=()
2019-12-23 13:08:20 django.db.backends 111 DEBUG (0.000) SELECT `resource_idc`.`id`, `resource_idc`.`name`, `resource_idc`.`address`, `resource_idc`.`phone`, `resource_idc`.`email`, `resource_idc`.`letter` FROM `resource_idc` LIMIT 21; args=()
2019-12-23 13:08:20 django.db.backends 111 DEBUG (0.000) SELECT `resource_idc`.`id`, `resource_idc`.`name`, `resource_idc`.`address`, `resource_idc`.`phone`, `resource_idc`.`email`, `resource_idc`.`letter` FROM `resource_idc` LIMIT 21; args=()
2019-12-23 13:56:45 django.db.backends 111 DEBUG (0.000) SELECT @@SQL_AUTO_IS_NULL; args=None
2019-12-23 13:56:45 django.db.backends 111 DEBUG (0.000) SET SESSION TRANSACTION ISOLATION LEVEL READ COMMITTED; args=None
2019-12-23 13:56:45 django.db.backends 111 DEBUG (0.001) INSERT INTO `resource_idc` (`name`, `address`, `phone`, `email`, `letter`) VALUES ('亦庄', '北京亦庄', '123456', 'yz@qq.com', 'yz'); args=['亦庄', '北京亦庄', '123456', 'yz@qq.com', 'yz']
2019-12-23 13:57:29 django.db.backends 111 DEBUG (0.001) SELECT `resource_idc`.`id`, `resource_idc`.`name`, `resource_idc`.`address`, `resource_idc`.`phone`, `resource_idc`.`email`, `resource_idc`.`letter` FROM `resource_idc` LIMIT 21; args=()
2019-12-23 13:59:14 django.db.backends 111 DEBUG (0.000) SELECT `resource_idc`.`id`, `resource_idc`.`name`, `resource_idc`.`address`, `resource_idc`.`phone`, `resource_idc`.`email`, `resource_idc`.`letter` FROM `resource_idc`; args=()
